2022-11-17 17:20:03,076 [INFO] Activator:177 - 


2022-11-17 17:20:03,077 [INFO] Activator:178 - !SESSION log4j initialized
2022-11-17 17:20:05,764 [INFO] McuFinderGlobals:44 - Set McuFinder mode to 2 (CubeIDE integrated)
2022-11-17 17:20:06,027 [INFO] ApplicationProperties:181 - Using Application install path: D:\ST\STM32CubeIDE_1.10.1\STM32CubeIDE\plugins\com.st.stm32cube.common.mx_6.6.1.202207061420
2022-11-17 17:20:06,045 [INFO] DbMcusXml:77 - Set database path to: D:\ST\STM32CubeIDE_1.10.1\STM32CubeIDE\plugins\com.st.stm32cube.common.mx_6.6.1.202207061420\\db\/mcu/
2022-11-17 17:20:06,045 [INFO] ApiDb:269 - Set plugin database path to: D:\ST\STM32CubeIDE_1.10.1\STM32CubeIDE\plugins\com.st.stm32cube.common.mx_6.6.1.202207061420\\db\/plugins/boardmanager/
2022-11-17 17:20:06,047 [WARN] ApiDb:254 - Overriding images path with different value:  => D:\ST\STM32CubeIDE_1.10.1\STM32CubeIDE\plugins\com.st.stm32cube.common.mx_6.6.1.202207061420\\db\/plugins/mcufinder/images/
2022-11-17 17:20:06,062 [INFO] ApiDb:249 - Set database path to: C:\Users\ADMIN\.stmcufinder\plugins\mcufinder//mcu/
2022-11-17 17:20:06,063 [INFO] DbMcusAds:124 - Set database path to: C:\Users\ADMIN\.stmcufinder\plugins\mcufinder//mcu/
2022-11-17 17:20:06,066 [INFO] CrossReferenceDbSqlite:201 - Set database path to: C:\Users\ADMIN\.stmcufinder\plugins\mcufinder//mcu/cs/
2022-11-17 17:20:06,145 [INFO] RulesReader:61 - Compatibility file has been processed (282 Rules)
2022-11-17 17:20:06,212 [INFO] DbMcusXml:77 - Set database path to: D:\ST\STM32CubeIDE_1.10.1\STM32CubeIDE\plugins\com.st.stm32cube.common.mx_6.6.1.202207061420\\db\/mcu/
2022-11-17 17:20:06,212 [INFO] ApiDb:269 - Set plugin database path to: D:\ST\STM32CubeIDE_1.10.1\STM32CubeIDE\plugins\com.st.stm32cube.common.mx_6.6.1.202207061420\\db\/plugins/boardmanager/
2022-11-17 17:20:06,212 [INFO] ApiDb:256 - Set plugin images path to: D:\ST\STM32CubeIDE_1.10.1\STM32CubeIDE\plugins\com.st.stm32cube.common.mx_6.6.1.202207061420\\db\/plugins/mcufinder/images/
2022-11-17 17:20:06,213 [WARN] DbFile:40 - Overriding database path with different value: C:\Users\ADMIN\.stmcufinder\plugins\mcufinder/ => C:\Users\ADMIN\.stmcufinder\plugins\mcufinder
2022-11-17 17:20:06,213 [INFO] ApiDb:249 - Set database path to: C:\Users\ADMIN\.stmcufinder\plugins\mcufinder//mcu/
2022-11-17 17:20:06,213 [WARN] DbFile:40 - Overriding database path with different value: C:\Users\ADMIN\.stmcufinder\plugins\mcufinder/ => C:\Users\ADMIN\.stmcufinder\plugins\mcufinder
2022-11-17 17:20:06,213 [INFO] DbMcusAds:124 - Set database path to: C:\Users\ADMIN\.stmcufinder\plugins\mcufinder//mcu/
2022-11-17 17:20:06,214 [WARN] DbFile:40 - Overriding database path with different value: C:\Users\ADMIN\.stmcufinder\plugins\mcufinder/ => C:\Users\ADMIN\.stmcufinder\plugins\mcufinder
2022-11-17 17:20:06,214 [WARN] DbFile:40 - Overriding database path with different value: C:\Users\ADMIN\.stmcufinder\plugins\mcufinder/ => C:\Users\ADMIN\.stmcufinder\plugins\mcufinder
2022-11-17 17:20:06,214 [INFO] CrossReferenceDbSqlite:201 - Set database path to: C:\Users\ADMIN\.stmcufinder\plugins\mcufinder//mcu/cs/
2022-11-17 17:20:06,269 [INFO] MainPanel:242 - HeapMemory: 268435456
2022-11-17 17:20:06,341 [INFO] DbMcusXml:77 - Set database path to: D:\ST\STM32CubeIDE_1.10.1\STM32CubeIDE\plugins\com.st.stm32cube.common.mx_6.6.1.202207061420\\db\/mcu/
2022-11-17 17:20:06,341 [INFO] ApiDb:269 - Set plugin database path to: D:\ST\STM32CubeIDE_1.10.1\STM32CubeIDE\plugins\com.st.stm32cube.common.mx_6.6.1.202207061420\\db\/plugins/boardmanager/
2022-11-17 17:20:06,341 [INFO] ApiDb:256 - Set plugin images path to: D:\ST\STM32CubeIDE_1.10.1\STM32CubeIDE\plugins\com.st.stm32cube.common.mx_6.6.1.202207061420\\db\/plugins/mcufinder/images/
2022-11-17 17:20:06,341 [WARN] DbFile:40 - Overriding database path with different value: C:\Users\ADMIN\.stmcufinder\plugins\mcufinder/ => C:\Users\ADMIN\.stmcufinder\plugins\mcufinder
2022-11-17 17:20:06,341 [INFO] ApiDb:249 - Set database path to: C:\Users\ADMIN\.stmcufinder\plugins\mcufinder//mcu/
2022-11-17 17:20:06,343 [WARN] DbFile:40 - Overriding database path with different value: C:\Users\ADMIN\.stmcufinder\plugins\mcufinder/ => C:\Users\ADMIN\.stmcufinder\plugins\mcufinder
2022-11-17 17:20:06,343 [INFO] DbMcusAds:124 - Set database path to: C:\Users\ADMIN\.stmcufinder\plugins\mcufinder//mcu/
2022-11-17 17:20:06,343 [WARN] DbFile:40 - Overriding database path with different value: C:\Users\ADMIN\.stmcufinder\plugins\mcufinder/ => C:\Users\ADMIN\.stmcufinder\plugins\mcufinder
2022-11-17 17:20:06,343 [WARN] DbFile:40 - Overriding database path with different value: C:\Users\ADMIN\.stmcufinder\plugins\mcufinder/ => C:\Users\ADMIN\.stmcufinder\plugins\mcufinder
2022-11-17 17:20:06,343 [INFO] CrossReferenceDbSqlite:201 - Set database path to: C:\Users\ADMIN\.stmcufinder\plugins\mcufinder//mcu/cs/
2022-11-17 17:20:06,356 [INFO] ApplicationProperties:181 - Using Application install path: D:\ST\STM32CubeIDE_1.10.1\STM32CubeIDE\plugins\com.st.stm32cube.common.mx_6.6.1.202207061420
2022-11-17 17:20:06,356 [INFO] PluginManage:193 - Search for loadable plugins [exclusion list=, ]
2022-11-17 17:20:06,357 [INFO] PluginManage:307 - Check plugin analytics
2022-11-17 17:20:06,461 [INFO] AnalyticsPlugin:262 - Accepted Software Licenses: 
2022-11-17 17:20:06,462 [INFO] AnalyticsPlugin:264 - Accepted CMSIS Pack Licenses: 
2022-11-17 17:20:06,462 [INFO] AnalyticsPlugin:266 - Accepted Firmware Licenses: 
2022-11-17 17:20:06,469 [INFO] PluginManage:356 - Loaded plugin analytics (category:tool,tabindex:-1)
2022-11-17 17:20:06,470 [INFO] PluginManage:307 - Check plugin cadmodel
2022-11-17 17:20:06,479 [INFO] CADModel:65 - Init CAD model plugin
2022-11-17 17:20:06,479 [INFO] PluginManage:356 - Loaded plugin cadmodel (category:power,tabindex:5)
2022-11-17 17:20:06,479 [INFO] PluginManage:307 - Check plugin clock
2022-11-17 17:20:06,492 [INFO] PluginManage:356 - Loaded plugin clock (category:base,tabindex:2)
2022-11-17 17:20:06,493 [INFO] PluginManage:307 - Check plugin ddr
2022-11-17 17:20:06,494 [INFO] PluginManage:356 - Loaded plugin ddr (category:tool,tabindex:6)
2022-11-17 17:20:06,494 [INFO] PluginManage:307 - Check plugin filemanager
2022-11-17 17:20:06,616 [INFO] PluginManage:356 - Loaded plugin filemanager (category:base,tabindex:10)
2022-11-17 17:20:06,616 [INFO] PluginManage:307 - Check plugin ipmanager
2022-11-17 17:20:06,621 [INFO] PluginManage:356 - Loaded plugin ipmanager (category:base,tabindex:5)
2022-11-17 17:20:06,622 [INFO] PluginManage:307 - Check plugin lpbam
2022-11-17 17:20:06,633 [INFO] PluginManage:356 - Loaded plugin lpbam (category:base,tabindex:0)
2022-11-17 17:20:06,634 [INFO] PluginManage:307 - Check plugin pinoutandconfiguration
2022-11-17 17:20:06,644 [INFO] PluginManage:356 - Loaded plugin pinoutandconfiguration (category:base,tabindex:1)
2022-11-17 17:20:06,645 [INFO] PluginManage:307 - Check plugin pinoutconfig
2022-11-17 17:20:06,670 [INFO] PluginManage:356 - Loaded plugin pinoutconfig (category:base,tabindex:0)
2022-11-17 17:20:06,670 [INFO] PluginManage:307 - Check plugin power
2022-11-17 17:20:06,683 [INFO] PluginManage:356 - Loaded plugin power (category:power,tabindex:4)
2022-11-17 17:20:06,683 [INFO] PluginManage:307 - Check plugin projectmanager
2022-11-17 17:20:06,694 [INFO] PluginManage:356 - Loaded plugin projectmanager (category:projectmanager,tabindex:3)
2022-11-17 17:20:06,694 [INFO] PluginManage:307 - Check plugin thirdparty
2022-11-17 17:20:06,849 [INFO] PluginManage:356 - Loaded plugin thirdparty (category:base,tabindex:-1)
2022-11-17 17:20:06,849 [WARN] IntegrityCheckThread:82 - waiting for thirdparty lock release [integrity check]
2022-11-17 17:20:06,849 [INFO] PluginManage:307 - Check plugin tools
2022-11-17 17:20:06,849 [INFO] IntegrityCheckThread:84 - entering critical section [integrity check]
2022-11-17 17:20:06,850 [INFO] ThirdPartyUpdaterWithRetryManager:70 - Updater plugin not ready yet. [1/15]
2022-11-17 17:20:06,863 [INFO] PluginManage:356 - Loaded plugin tools (category:base,tabindex:7)
2022-11-17 17:20:06,863 [INFO] PluginManage:307 - Check plugin tutovideos
2022-11-17 17:20:07,004 [INFO] PluginManage:356 - Loaded plugin tutovideos (category:base,tabindex:-1)
2022-11-17 17:20:07,004 [INFO] PluginManage:307 - Check plugin updater
2022-11-17 17:20:07,017 [INFO] PluginManage:356 - Loaded plugin updater (category:base,tabindex:12)
2022-11-17 17:20:07,018 [INFO] PluginManage:280 - PluginManage : Loaded plugins [15]
2022-11-17 17:20:07,204 [INFO] PinOutPanel:1468 - setPackage(No Configuration,No Configuration)
2022-11-17 17:20:07,244 [INFO] CADModel:98 - CPN selected for project level
2022-11-17 17:20:07,261 [INFO] IPUIPlugin:79 - create IPUIPlugin
2022-11-17 17:20:07,261 [INFO] PluginManager:217 - loadIPPluginJar : add adc
2022-11-17 17:20:07,278 [INFO] IPUIPlugin:79 - create IPUIPlugin
2022-11-17 17:20:07,278 [INFO] PluginManager:217 - loadIPPluginJar : add aes
2022-11-17 17:20:07,296 [INFO] IPUIPlugin:79 - create IPUIPlugin
2022-11-17 17:20:07,296 [INFO] PluginManager:217 - loadIPPluginJar : add can
2022-11-17 17:20:07,307 [INFO] IPUIPlugin:79 - create IPUIPlugin
2022-11-17 17:20:07,307 [INFO] PluginManager:217 - loadIPPluginJar : add comp
2022-11-17 17:20:07,321 [INFO] IPUIPlugin:79 - create IPUIPlugin
2022-11-17 17:20:07,322 [INFO] PluginManager:217 - loadIPPluginJar : add cryp
2022-11-17 17:20:07,334 [INFO] IPUIPlugin:79 - create IPUIPlugin
2022-11-17 17:20:07,335 [INFO] PluginManager:217 - loadIPPluginJar : add dfsdm
2022-11-17 17:20:07,343 [INFO] IPUIPlugin:79 - create IPUIPlugin
2022-11-17 17:20:07,343 [INFO] PluginManager:217 - loadIPPluginJar : add dma
2022-11-17 17:20:07,363 [INFO] IPUIPlugin:79 - create IPUIPlugin
2022-11-17 17:20:07,363 [INFO] PluginManager:217 - loadIPPluginJar : add dma3
2022-11-17 17:20:07,371 [INFO] IPUIPlugin:79 - create IPUIPlugin
2022-11-17 17:20:07,371 [INFO] PluginManager:217 - loadIPPluginJar : add fatfs
2022-11-17 17:20:07,394 [INFO] IPUIPlugin:79 - create IPUIPlugin
2022-11-17 17:20:07,394 [INFO] PluginManager:217 - loadIPPluginJar : add fmc
2022-11-17 17:20:07,405 [INFO] IPUIPlugin:79 - create IPUIPlugin
2022-11-17 17:20:07,405 [INFO] PluginManager:217 - loadIPPluginJar : add freertos
2022-11-17 17:20:07,415 [INFO] IPUIPlugin:79 - create IPUIPlugin
2022-11-17 17:20:07,415 [INFO] PluginManager:217 - loadIPPluginJar : add genericplugin
2022-11-17 17:20:07,457 [INFO] IPUIPlugin:79 - create IPUIPlugin
2022-11-17 17:20:07,457 [INFO] PluginManager:217 - loadIPPluginJar : add gfxmmu
2022-11-17 17:20:07,516 [INFO] IPUIPlugin:79 - create IPUIPlugin
2022-11-17 17:20:07,516 [INFO] PluginManager:217 - loadIPPluginJar : add gic
2022-11-17 17:20:07,523 [INFO] IPUIPlugin:79 - create IPUIPlugin
2022-11-17 17:20:07,523 [INFO] PluginManager:217 - loadIPPluginJar : add gpio
2022-11-17 17:20:07,562 [INFO] IPUIPlugin:79 - create IPUIPlugin
2022-11-17 17:20:07,562 [INFO] PluginManager:217 - loadIPPluginJar : add gtzc
2022-11-17 17:20:07,576 [INFO] IPUIPlugin:79 - create IPUIPlugin
2022-11-17 17:20:07,577 [INFO] PluginManager:217 - loadIPPluginJar : add hash
2022-11-17 17:20:07,599 [INFO] IPUIPlugin:79 - create IPUIPlugin
2022-11-17 17:20:07,599 [INFO] PluginManager:217 - loadIPPluginJar : add i2c
2022-11-17 17:20:07,617 [INFO] IPUIPlugin:79 - create IPUIPlugin
2022-11-17 17:20:07,617 [INFO] PluginManager:217 - loadIPPluginJar : add i2s
2022-11-17 17:20:07,669 [INFO] IPUIPlugin:79 - create IPUIPlugin
2022-11-17 17:20:07,670 [INFO] PluginManager:217 - loadIPPluginJar : add ipddr
2022-11-17 17:20:07,711 [INFO] IPUIPlugin:79 - create IPUIPlugin
2022-11-17 17:20:07,711 [INFO] PluginManager:217 - loadIPPluginJar : add linkedlist
2022-11-17 17:20:07,727 [INFO] IPUIPlugin:79 - create IPUIPlugin
2022-11-17 17:20:07,727 [INFO] PluginManager:217 - loadIPPluginJar : add lorawan
2022-11-17 17:20:07,744 [INFO] IPUIPlugin:79 - create IPUIPlugin
2022-11-17 17:20:07,744 [INFO] PluginManager:217 - loadIPPluginJar : add ltdc
2022-11-17 17:20:07,754 [INFO] IPUIPlugin:79 - create IPUIPlugin
2022-11-17 17:20:07,754 [INFO] PluginManager:217 - loadIPPluginJar : add mdma
2022-11-17 17:20:07,761 [INFO] IPUIPlugin:79 - create IPUIPlugin
2022-11-17 17:20:07,761 [INFO] PluginManager:217 - loadIPPluginJar : add nvic
2022-11-17 17:20:07,779 [INFO] IPUIPlugin:79 - create IPUIPlugin
2022-11-17 17:20:07,779 [INFO] PluginManager:217 - loadIPPluginJar : add opamp
2022-11-17 17:20:07,805 [INFO] IPUIPlugin:79 - create IPUIPlugin
2022-11-17 17:20:07,805 [INFO] PluginManager:217 - loadIPPluginJar : add openamp
2022-11-17 17:20:07,824 [INFO] IPUIPlugin:79 - create IPUIPlugin
2022-11-17 17:20:07,824 [INFO] PluginManager:217 - loadIPPluginJar : add pdm2pcm
2022-11-17 17:20:07,833 [INFO] IPUIPlugin:79 - create IPUIPlugin
2022-11-17 17:20:07,834 [INFO] PluginManager:217 - loadIPPluginJar : add plateformsettings
2022-11-17 17:20:07,844 [INFO] IPUIPlugin:79 - create IPUIPlugin
2022-11-17 17:20:07,844 [INFO] PluginManager:217 - loadIPPluginJar : add quadspi
2022-11-17 17:20:07,850 [INFO] IPUIPlugin:79 - create IPUIPlugin
2022-11-17 17:20:07,850 [INFO] PluginManager:217 - loadIPPluginJar : add resmgrutility
2022-11-17 17:20:07,872 [INFO] IPUIPlugin:79 - create IPUIPlugin
2022-11-17 17:20:07,873 [INFO] PluginManager:217 - loadIPPluginJar : add sai
2022-11-17 17:20:07,889 [INFO] IPUIPlugin:79 - create IPUIPlugin
2022-11-17 17:20:07,889 [INFO] PluginManager:217 - loadIPPluginJar : add spi
2022-11-17 17:20:07,923 [INFO] IPUIPlugin:79 - create IPUIPlugin
2022-11-17 17:20:07,923 [INFO] PluginManager:217 - loadIPPluginJar : add stm32_wpan
2022-11-17 17:20:07,934 [INFO] IPUIPlugin:79 - create IPUIPlugin
2022-11-17 17:20:07,934 [INFO] PluginManager:217 - loadIPPluginJar : add tim
2022-11-17 17:20:07,961 [INFO] IPUIPlugin:79 - create IPUIPlugin
2022-11-17 17:20:07,961 [INFO] PluginManager:217 - loadIPPluginJar : add touchsensing
2022-11-17 17:20:07,972 [INFO] IPUIPlugin:79 - create IPUIPlugin
2022-11-17 17:20:07,972 [INFO] PluginManager:217 - loadIPPluginJar : add tracer_emb
2022-11-17 17:20:07,982 [INFO] IPUIPlugin:79 - create IPUIPlugin
2022-11-17 17:20:07,982 [INFO] PluginManager:217 - loadIPPluginJar : add ts
2022-11-17 17:20:07,992 [INFO] IPUIPlugin:79 - create IPUIPlugin
2022-11-17 17:20:07,992 [INFO] PluginManager:217 - loadIPPluginJar : add tsc
2022-11-17 17:20:08,002 [INFO] IPUIPlugin:79 - create IPUIPlugin
2022-11-17 17:20:08,003 [INFO] PluginManager:217 - loadIPPluginJar : add ucpd
2022-11-17 17:20:08,022 [INFO] IPUIPlugin:79 - create IPUIPlugin
2022-11-17 17:20:08,022 [INFO] PluginManager:217 - loadIPPluginJar : add usart
2022-11-17 17:20:08,042 [INFO] IPUIPlugin:79 - create IPUIPlugin
2022-11-17 17:20:08,043 [INFO] PluginManager:217 - loadIPPluginJar : add usbx
2022-11-17 17:20:08,259 [FATAL] Updater:301 - Updater called before beeing initialized
2022-11-17 17:20:08,344 [FATAL] Updater:301 - Updater called before beeing initialized
2022-11-17 17:20:08,351 [INFO] DbMcusAds:52 - JSON generation date=Thu Sep 30 13:56:37 ICT 2021 (1632984997303)
2022-11-17 17:20:08,351 [FATAL] Updater:301 - Updater called before beeing initialized
2022-11-17 17:20:08,396 [WARN] DetailPanel:344 - Failed to get advertising image, set to default
2022-11-17 17:20:08,470 [FATAL] Updater:301 - Updater called before beeing initialized
2022-11-17 17:20:08,472 [FATAL] Updater:301 - Updater called before beeing initialized
2022-11-17 17:20:08,472 [FATAL] Updater:301 - Updater called before beeing initialized
2022-11-17 17:20:08,473 [WARN] DetailPanel:344 - Failed to get advertising image, set to default
2022-11-17 17:20:08,473 [FATAL] Updater:301 - Updater called before beeing initialized
2022-11-17 17:20:08,512 [ERROR] Updater:1105 - MainUpdater not yet initialized. External WinMGr cannot be set.
2022-11-17 17:20:08,517 [INFO] Updater:1041 - Updater Version found : 6.6.1
2022-11-17 17:20:08,539 [INFO] ApplicationProperties:181 - Using Application install path: D:\ST\STM32CubeIDE_1.10.1\STM32CubeIDE\plugins\com.st.stm32cube.common.mx_6.6.1.202207061420
2022-11-17 17:20:08,661 [INFO] MainUpdater:2768 - connection check result : 10
2022-11-17 17:20:08,661 [INFO] MainUpdater:3453 - Updater definition file requires update
2022-11-17 17:20:08,662 [INFO] MainUpdater:280 - Updater Check For Update Now.
2022-11-17 17:20:08,662 [INFO] MicroXplorer:481 - Change Database Version : DB.6.0.60
2022-11-17 17:20:08,719 [INFO] ServerAccessManage:474 - Download File updaters.zip
2022-11-17 17:20:08,849 [INFO] FileExtend:239 - Unzip File : updaters.zip
2022-11-17 17:20:08,849 [INFO] FileExtend:254 - Standard Zip Deflate
2022-11-17 17:20:09,231 [INFO] ServerAccessManage:474 - Download File PacksControlFlags.xml
2022-11-17 17:20:09,304 [INFO] ServerAccessManage:474 - Download File cubemx.pidx
2022-11-17 17:20:09,730 [INFO] ServerAccessManage:474 - Download File STMicroelectronics.X-CUBE-NFC4.pdsc
2022-11-17 17:20:09,867 [WARN] MainUpdater:1184 - Updater busy. Cannot search thirdparties
2022-11-17 17:20:09,868 [INFO] ThirdPartyUpdaterWithRetryManager:96 - Updater plugin is busy. [1/15]
2022-11-17 17:20:10,615 [WARN] PackLoader:242 - Cannot read IP mode file for STMicroelectronics.X-CUBE-NFC4.2.0.5
2022-11-17 17:20:10,619 [INFO] PopulateThirdPartyThread:64 - Ending populate Thread
2022-11-17 17:20:10,620 [INFO] ThirdParty:981 - CMSIS Pack Vendor :STMicroelectronics X-CUBE-NFC4 2.0.5
2022-11-17 17:20:10,620 [INFO] LoadServerUpdatesThread:367 - End of LoadServerUpdate Thread
2022-11-17 17:20:10,715 [INFO] CheckServerUpdateThread:119 - End of CheckServer Thread
2022-11-17 17:20:10,725 [INFO] MainUpdater:2768 - connection check result : 10
2022-11-17 17:20:10,736 [INFO] McuFinderGlobals:57 - Set McuFinderConnectedMode to true
2022-11-17 17:20:10,817 [INFO] ServerAccessManage:474 - Download File mcusAds.json._tmp_
2022-11-17 17:20:10,931 [INFO] LoadUrlFilesThread:150 - End of LoadUrlFiles Thread
2022-11-17 17:20:10,997 [INFO] ServerAccessManage:474 - Download File cube-finder-db.zip
2022-11-17 17:20:12,872 [WARN] MainUpdater:1184 - Updater busy. Cannot search thirdparties
2022-11-17 17:20:12,872 [INFO] ThirdPartyUpdaterWithRetryManager:96 - Updater plugin is busy. [2/15]
2022-11-17 17:20:15,878 [WARN] MainUpdater:1184 - Updater busy. Cannot search thirdparties
2022-11-17 17:20:15,878 [INFO] ThirdPartyUpdaterWithRetryManager:96 - Updater plugin is busy. [3/15]
2022-11-17 17:20:16,834 [INFO] FileExtend:239 - Unzip File : cube-finder-db.zip
2022-11-17 17:20:16,834 [INFO] FileExtend:254 - Standard Zip Deflate
2022-11-17 17:20:17,265 [INFO] LoadUrlFilesThread:150 - End of LoadUrlFiles Thread
2022-11-17 17:20:18,491 [INFO] ServerAccessManage:474 - Download File crdb.zip
2022-11-17 17:20:18,878 [WARN] MainUpdater:1184 - Updater busy. Cannot search thirdparties
2022-11-17 17:20:18,878 [INFO] ThirdPartyUpdaterWithRetryManager:96 - Updater plugin is busy. [4/15]
2022-11-17 17:20:19,907 [INFO] FileExtend:239 - Unzip File : crdb.zip
2022-11-17 17:20:19,908 [INFO] FileExtend:254 - Standard Zip Deflate
2022-11-17 17:20:20,038 [INFO] LoadUrlFilesThread:150 - End of LoadUrlFiles Thread
2022-11-17 17:20:20,087 [INFO] ServerAccessManage:474 - Download File tutoVideoDB.zip
2022-11-17 17:20:20,101 [INFO] FileExtend:239 - Unzip File : tutoVideoDB.zip
2022-11-17 17:20:20,101 [INFO] FileExtend:254 - Standard Zip Deflate
2022-11-17 17:20:20,215 [INFO] LoadUrlFilesThread:150 - End of LoadUrlFiles Thread
2022-11-17 17:20:20,220 [INFO] JxBrowserEngine:106 - Initiate JxBrowser Engine with user profile folder
2022-11-17 17:20:20,343 [ERROR] JxBrowserEngine:59 - Can't initiate JxBrowser engine com.teamdev.jxbrowser.engine.ChromiumBinariesExtractionException: Failed to extract Chromium binaries into C:\Users\ADMIN\.stm32cubemx\.jxbrowser\Chromium
2022-11-17 17:20:20,344 [WARN] DbFile:40 - Overriding database path with different value: C:\Users\ADMIN\.stmcufinder\plugins\mcufinder/ => C:\Users\ADMIN\.stmcufinder\plugins\mcufinder
2022-11-17 17:20:20,421 [INFO] ServerAccessManage:474 - Download File api_config.json
2022-11-17 17:20:20,543 [INFO] LoadUrlFilesThread:150 - End of LoadUrlFiles Thread
2022-11-17 17:20:20,544 [INFO] DbMcusAds:52 - JSON generation date=Thu Sep 30 13:56:37 ICT 2021 (1632984997303)
2022-11-17 17:20:20,557 [INFO] LoadUrlFilesThread:177 - End of LoadServerUrlFiles without Thread
2022-11-17 17:20:20,558 [INFO] TargetSelectorAdapter:228 - Refresh data is successful
2022-11-17 17:20:20,617 [INFO] ApiDb:576 - Connected to CubeFinder SQLite database (C:\Users\ADMIN\.stmcufinder\plugins\mcufinder\mcu\cube-finder-db.db)
2022-11-17 17:20:20,631 [INFO] ApiDb:663 - CubeFinder database Data Model version=2.1
2022-11-17 17:20:20,632 [INFO] ApiDb:664 - CubeFinder database Configuration version=3.0.32
2022-11-17 17:20:20,632 [INFO] ApiDb:665 - CubeFinder database generation date=2022-08-05 (1659688109)
2022-11-17 17:20:20,632 [INFO] ApiDb:666 - CubeFinder database FW Pack versions=[STM32Cube_FW_C0_V1.0.0, STM32Cube_FW_F4_V1.27.1, STM32Cube_FW_F7_V1.17.0, STM32Cube_FW_G0_V1.6.1, STM32Cube_FW_G4_V1.5.0, STM32Cube_FW_H7_V1.10.0, STM32Cube_FW_L5_V1.4.0, STM32Cube_FW_U5_V1.1.1, STM32Cube_FW_WB_V1.14.1, STM32Cube_FW_WL_V1.2.0, X-CUBE-ALGOBUILD_V1.3.0, X-CUBE-ALS_V1.0.1, X-CUBE-AZRTOS-F4_V1.1.0, X-CUBE-AZRTOS-F7_V1.1.0, X-CUBE-AZRTOS-G0_V1.1.0, X-CUBE-AZRTOS-G4_V1.0.0, X-CUBE-AZRTOS-H7_V2.1.0, X-CUBE-AZRTOS-L4_V1.0.0, X-CUBE-AZRTOS-L5_V1.0.0, X-CUBE-AZRTOS-WL_V1.0.0, X-CUBE-BLE1_V6.2.3, X-CUBE-BLE2_V3.3.0, X-CUBE-EEPRMA1_V3.1.1, X-CUBE-GNSS1_V6.0.0, X-CUBE-MEMS1_V9.1.0, X-CUBE-MEMS1_V9.3.0, X-CUBE-NFC4_V2.0.4, X-CUBE-NFC7_V1.0.0, X-CUBE-SFXS2LP1_V4.0.0, X-CUBE-SUBG2_V5.0.0]
2022-11-17 17:20:21,659 [INFO] ApiDb:239 - Found 138 in-development CPN: [B-WB1M-WPAN1, NUCLEO-C031C6, STEVAL-STWINBX1, STM320518-EVAL, STM32C0116-DK, STM32C011D6Y3TR, STM32C011D6Y6TR, STM32C011F4P3, STM32C011F4P6, STM32C011F4U3, STM32C011F4U6TR, STM32C011F6P3, STM32C011F6P6, STM32C011F6U3, STM32C011F6U6TR, STM32C011J4M3, STM32C011J4M6, STM32C011J6M3, STM32C011J6M6, STM32C0316-DK, STM32C031C4T3, STM32C031C4T6, STM32C031C4U3, STM32C031C4U6, STM32C031C6T3, STM32C031C6T6, STM32C031C6U3, STM32C031C6U6, STM32C031F4P3, STM32C031F4P6, STM32C031F6P3, STM32C031F6P6, STM32C031G4U3, STM32C031G4U6, STM32C031G6U3, STM32C031G6U6, STM32C031K4T3, STM32C031K4T6, STM32C031K4U3, STM32C031K4U6, STM32C031K6T3, STM32C031K6T6, STM32C031K6U3, STM32C031K6U6, STM32G071K8TXN, STM32G071K8UXN, STM32G081GBU6N, STM32G081KBT6N, STM32G081KBUXN, STM32G0B1CCT6N, STM32G0B1KCT6, STM32G0B1NEY6TR, STM32G0B1RCT6N, STM32G0C1CCT6, STM32G0C1CCT6N, STM32G0C1CCU6N, STM32G0C1CET6N, STM32G0C1CEU6N, STM32G0C1KCT6, STM32G0C1NEY6TR, STM32G0C1RCI6N, STM32G0C1RCT6N, STM32G0C1REI6N, STM32G0C1RET6N, STM32G0C1VCI6, STM32G0C1VEI6, STM32G471CCT6, STM32G471CCU6, STM32G471CET3, STM32G471CET6, STM32G471CEU3, STM32G471CEU6, STM32G471MCT6, STM32G471MET3, STM32G471MET6, STM32G471MEY6TR, STM32G471QCT6, STM32G471QET3, STM32G471RCT6, STM32G471RET3, STM32G471RET6, STM32G471VCH6, STM32G471VCI6, STM32G471VCT6, STM32G471VEH3, STM32G471VEH6, STM32G471VEI3, STM32G471VEI6, STM32G471VET3, STM32G471VET6, STM32G474CCT6, STM32L476VGY6PTR, STM32L4R5QGI6STR, STM32MP131AAE3, STM32MP131AAF3, STM32MP131AAG3, STM32MP131CAE3, STM32MP131CAF3, STM32MP131CAG3, STM32MP131DAE7, STM32MP131DAF7, STM32MP131DAG7, STM32MP131FAE7, STM32MP131FAF7, STM32MP131FAG7, STM32MP133AAE3, STM32MP133AAF3, STM32MP133AAG3, STM32MP133CAE3, STM32MP133CAF3, STM32MP133CAG3, STM32MP133DAE7, STM32MP133DAF7, STM32MP133DAG7, STM32MP133FAE7, STM32MP133FAF7, STM32MP133FAG7, STM32MP135AAE3, STM32MP135AAF3, STM32MP135AAG3, STM32MP135CAE3, STM32MP135CAF3, STM32MP135CAG3, STM32MP135DAE7, STM32MP135DAF7, STM32MP135DAG7, STM32MP135F-DK, STM32MP135FAE7, STM32MP135FAF7, STM32MP135FAG7, STM32U595ZJT6Q, STM32U599BJY6QTR, STM32U599NIH6Q, STM32U599NJH6Q, STM32U5A5ZJT6Q, STM32U5A9BJY6QTR, STM32U5A9NJH6Q, STM32WB1MMCH6]
2022-11-17 17:20:21,662 [INFO] DbMcus:215 - Found 3542 MCUs, 3542 are supported
2022-11-17 17:20:21,664 [INFO] ApiDb:418 - Load user favorites file C:\Users\ADMIN/.stm32cubeide/favorites.mcus.txt: 0 item(s)
2022-11-17 17:20:21,664 [INFO] ApiDb:422 - User favorites MCUs=[]
2022-11-17 17:20:21,664 [INFO] DbMcus:221 - Set 0 / 0 favorites MCUs
2022-11-17 17:20:21,666 [INFO] ApiDb:663 - CubeFinder database Data Model version=2.1
2022-11-17 17:20:21,666 [INFO] ApiDb:664 - CubeFinder database Configuration version=3.0.32
2022-11-17 17:20:21,668 [INFO] ApiDb:665 - CubeFinder database generation date=2022-08-05 (1659688109)
2022-11-17 17:20:21,668 [INFO] ApiDb:666 - CubeFinder database FW Pack versions=[STM32Cube_FW_C0_V1.0.0, STM32Cube_FW_F4_V1.27.1, STM32Cube_FW_F7_V1.17.0, STM32Cube_FW_G0_V1.6.1, STM32Cube_FW_G4_V1.5.0, STM32Cube_FW_H7_V1.10.0, STM32Cube_FW_L5_V1.4.0, STM32Cube_FW_U5_V1.1.1, STM32Cube_FW_WB_V1.14.1, STM32Cube_FW_WL_V1.2.0, X-CUBE-ALGOBUILD_V1.3.0, X-CUBE-ALS_V1.0.1, X-CUBE-AZRTOS-F4_V1.1.0, X-CUBE-AZRTOS-F7_V1.1.0, X-CUBE-AZRTOS-G0_V1.1.0, X-CUBE-AZRTOS-G4_V1.0.0, X-CUBE-AZRTOS-H7_V2.1.0, X-CUBE-AZRTOS-L4_V1.0.0, X-CUBE-AZRTOS-L5_V1.0.0, X-CUBE-AZRTOS-WL_V1.0.0, X-CUBE-BLE1_V6.2.3, X-CUBE-BLE2_V3.3.0, X-CUBE-EEPRMA1_V3.1.1, X-CUBE-GNSS1_V6.0.0, X-CUBE-MEMS1_V9.1.0, X-CUBE-MEMS1_V9.3.0, X-CUBE-NFC4_V2.0.4, X-CUBE-NFC7_V1.0.0, X-CUBE-SFXS2LP1_V4.0.0, X-CUBE-SUBG2_V5.0.0]
2022-11-17 17:20:21,714 [INFO] DbBoardsSqlite:227 - include board P-NUCLEO-WB55-NUCLEO as a kit item of type 'Nucleo-64'
2022-11-17 17:20:21,714 [INFO] DbBoardsSqlite:227 - include board P-NUCLEO-WB55-USBDONGLE as a kit item of type 'Nucleo USB Dongle'
2022-11-17 17:20:21,714 [INFO] DbBoardsSqlite:227 - include board STEVAL-IDP005V1 as a kit item of type 'Evaluation Board'
2022-11-17 17:20:21,714 [INFO] DbBoardsSqlite:227 - include board STEVAL-IDP005V2 as a kit item of type 'Evaluation Board'
2022-11-17 17:20:21,722 [INFO] ApiDb:239 - Found 138 in-development CPN: [B-WB1M-WPAN1, NUCLEO-C031C6, STEVAL-STWINBX1, STM320518-EVAL, STM32C0116-DK, STM32C011D6Y3TR, STM32C011D6Y6TR, STM32C011F4P3, STM32C011F4P6, STM32C011F4U3, STM32C011F4U6TR, STM32C011F6P3, STM32C011F6P6, STM32C011F6U3, STM32C011F6U6TR, STM32C011J4M3, STM32C011J4M6, STM32C011J6M3, STM32C011J6M6, STM32C0316-DK, STM32C031C4T3, STM32C031C4T6, STM32C031C4U3, STM32C031C4U6, STM32C031C6T3, STM32C031C6T6, STM32C031C6U3, STM32C031C6U6, STM32C031F4P3, STM32C031F4P6, STM32C031F6P3, STM32C031F6P6, STM32C031G4U3, STM32C031G4U6, STM32C031G6U3, STM32C031G6U6, STM32C031K4T3, STM32C031K4T6, STM32C031K4U3, STM32C031K4U6, STM32C031K6T3, STM32C031K6T6, STM32C031K6U3, STM32C031K6U6, STM32G071K8TXN, STM32G071K8UXN, STM32G081GBU6N, STM32G081KBT6N, STM32G081KBUXN, STM32G0B1CCT6N, STM32G0B1KCT6, STM32G0B1NEY6TR, STM32G0B1RCT6N, STM32G0C1CCT6, STM32G0C1CCT6N, STM32G0C1CCU6N, STM32G0C1CET6N, STM32G0C1CEU6N, STM32G0C1KCT6, STM32G0C1NEY6TR, STM32G0C1RCI6N, STM32G0C1RCT6N, STM32G0C1REI6N, STM32G0C1RET6N, STM32G0C1VCI6, STM32G0C1VEI6, STM32G471CCT6, STM32G471CCU6, STM32G471CET3, STM32G471CET6, STM32G471CEU3, STM32G471CEU6, STM32G471MCT6, STM32G471MET3, STM32G471MET6, STM32G471MEY6TR, STM32G471QCT6, STM32G471QET3, STM32G471RCT6, STM32G471RET3, STM32G471RET6, STM32G471VCH6, STM32G471VCI6, STM32G471VCT6, STM32G471VEH3, STM32G471VEH6, STM32G471VEI3, STM32G471VEI6, STM32G471VET3, STM32G471VET6, STM32G474CCT6, STM32L476VGY6PTR, STM32L4R5QGI6STR, STM32MP131AAE3, STM32MP131AAF3, STM32MP131AAG3, STM32MP131CAE3, STM32MP131CAF3, STM32MP131CAG3, STM32MP131DAE7, STM32MP131DAF7, STM32MP131DAG7, STM32MP131FAE7, STM32MP131FAF7, STM32MP131FAG7, STM32MP133AAE3, STM32MP133AAF3, STM32MP133AAG3, STM32MP133CAE3, STM32MP133CAF3, STM32MP133CAG3, STM32MP133DAE7, STM32MP133DAF7, STM32MP133DAG7, STM32MP133FAE7, STM32MP133FAF7, STM32MP133FAG7, STM32MP135AAE3, STM32MP135AAF3, STM32MP135AAG3, STM32MP135CAE3, STM32MP135CAF3, STM32MP135CAG3, STM32MP135DAE7, STM32MP135DAF7, STM32MP135DAG7, STM32MP135F-DK, STM32MP135FAE7, STM32MP135FAF7, STM32MP135FAG7, STM32U595ZJT6Q, STM32U599BJY6QTR, STM32U599NIH6Q, STM32U599NJH6Q, STM32U5A5ZJT6Q, STM32U5A9BJY6QTR, STM32U5A9NJH6Q, STM32WB1MMCH6]
2022-11-17 17:20:21,809 [INFO] BoardInfo:879 - No configuration file found for board P-NUCLEO-WB55
2022-11-17 17:20:21,810 [INFO] DbBoards:156 - Kit is not supported: P-NUCLEO-WB55
2022-11-17 17:20:21,813 [INFO] BoardInfo:879 - No configuration file found for board STEVAL-BFA001V1B
2022-11-17 17:20:21,814 [INFO] DbBoards:156 - Kit is not supported: STEVAL-BFA001V1B
2022-11-17 17:20:21,815 [INFO] BoardInfo:879 - No configuration file found for board STEVAL-BFA001V2B
2022-11-17 17:20:21,815 [INFO] DbBoards:156 - Kit is not supported: STEVAL-BFA001V2B
2022-11-17 17:20:21,888 [INFO] DbBoards:160 - Found 176 boards, 173 are supported
2022-11-17 17:20:21,893 [INFO] ApiDb:418 - Load user favorites file C:\Users\ADMIN/.stm32cubeide/favorites.boards.txt: 0 item(s)
2022-11-17 17:20:21,893 [INFO] ApiDb:422 - User favorites Boards=[]
2022-11-17 17:20:21,893 [INFO] DbBoards:189 - Set 0 / 0 favorites Boards
2022-11-17 17:20:21,896 [INFO] ApiDb:663 - CubeFinder database Data Model version=2.1
2022-11-17 17:20:21,896 [INFO] ApiDb:664 - CubeFinder database Configuration version=3.0.32
2022-11-17 17:20:21,896 [INFO] ApiDb:665 - CubeFinder database generation date=2022-08-05 (1659688109)
2022-11-17 17:20:21,896 [INFO] ApiDb:666 - CubeFinder database FW Pack versions=[STM32Cube_FW_C0_V1.0.0, STM32Cube_FW_F4_V1.27.1, STM32Cube_FW_F7_V1.17.0, STM32Cube_FW_G0_V1.6.1, STM32Cube_FW_G4_V1.5.0, STM32Cube_FW_H7_V1.10.0, STM32Cube_FW_L5_V1.4.0, STM32Cube_FW_U5_V1.1.1, STM32Cube_FW_WB_V1.14.1, STM32Cube_FW_WL_V1.2.0, X-CUBE-ALGOBUILD_V1.3.0, X-CUBE-ALS_V1.0.1, X-CUBE-AZRTOS-F4_V1.1.0, X-CUBE-AZRTOS-F7_V1.1.0, X-CUBE-AZRTOS-G0_V1.1.0, X-CUBE-AZRTOS-G4_V1.0.0, X-CUBE-AZRTOS-H7_V2.1.0, X-CUBE-AZRTOS-L4_V1.0.0, X-CUBE-AZRTOS-L5_V1.0.0, X-CUBE-AZRTOS-WL_V1.0.0, X-CUBE-BLE1_V6.2.3, X-CUBE-BLE2_V3.3.0, X-CUBE-EEPRMA1_V3.1.1, X-CUBE-GNSS1_V6.0.0, X-CUBE-MEMS1_V9.1.0, X-CUBE-MEMS1_V9.3.0, X-CUBE-NFC4_V2.0.4, X-CUBE-NFC7_V1.0.0, X-CUBE-SFXS2LP1_V4.0.0, X-CUBE-SUBG2_V5.0.0]
2022-11-17 17:20:21,970 [WARN] PackLoader:242 - Cannot read IP mode file for STMicroelectronics.X-CUBE-GNSS1.6.0.0
2022-11-17 17:20:22,005 [WARN] PackLoader:242 - Cannot read IP mode file for STMicroelectronics.X-CUBE-AZRTOS-F4.1.1.0
2022-11-17 17:20:22,022 [WARN] PackLoader:242 - Cannot read IP mode file for STMicroelectronics.X-CUBE-BLEMGR.1.2.0
2022-11-17 17:20:22,055 [WARN] PackLoader:242 - Cannot read IP mode file for STMicroelectronics.X-CUBE-AZRTOS-F7.1.1.0
2022-11-17 17:20:22,068 [WARN] PackLoader:242 - Cannot read IP mode file for STMicroelectronics.X-CUBE-BLE1.6.2.3
2022-11-17 17:20:22,074 [WARN] PackLoader:242 - Cannot read IP mode file for STMicroelectronics.X-CUBE-NFC4.2.0.5
2022-11-17 17:20:22,084 [WARN] PackLoader:242 - Cannot read IP mode file for STMicroelectronics.X-CUBE-NFC4.2.0.4
2022-11-17 17:20:22,099 [WARN] PackLoader:242 - Cannot read IP mode file for STMicroelectronics.X-CUBE-TOF1.3.1.0
2022-11-17 17:20:22,114 [WARN] PackLoader:242 - Cannot read IP mode file for wolfSSL.I-CUBE-wolfSSL.5.5.0
2022-11-17 17:20:22,123 [WARN] PackLoader:242 - Cannot read IP mode file for STMicroelectronics.X-CUBE-NFC7.1.0.0
2022-11-17 17:20:22,164 [WARN] PackLoader:242 - Cannot read IP mode file for STMicroelectronics.X-CUBE-MEMS1.9.3.0
2022-11-17 17:20:22,272 [WARN] PackLoader:242 - Cannot read IP mode file for STMicroelectronics.X-CUBE-AI.7.2.0
2022-11-17 17:20:22,299 [WARN] PackLoader:242 - Cannot read IP mode file for STMicroelectronics.X-CUBE-SFXS2LP1.4.0.0
2022-11-17 17:20:22,311 [WARN] PackLoader:242 - Cannot read IP mode file for STMicroelectronics.X-CUBE-BLE2.3.3.0
2022-11-17 17:20:22,330 [WARN] PackLoader:242 - Cannot read IP mode file for STMicroelectronics.X-CUBE-DISPLAY.2.2.0
2022-11-17 17:20:22,387 [WARN] PackLoader:242 - Cannot read IP mode file for STMicroelectronics.X-CUBE-TOF1.3.2.0
2022-11-17 17:20:22,407 [WARN] PackLoader:242 - Cannot read IP mode file for STMicroelectronics.X-CUBE-ISPU.1.0.0
2022-11-17 17:20:22,414 [WARN] PackLoader:242 - Cannot read IP mode file for STMicroelectronics.X-CUBE-ISPU.1.1.0
2022-11-17 17:20:22,424 [WARN] PackLoader:242 - Cannot read IP mode file for RoweBots.I-CUBE-UNISONRTOS.5.5.0-4
2022-11-17 17:20:22,447 [INFO] DbExamplesSqlite:374 - Ignored 31 examples not supported by CubeIDE
2022-11-17 17:20:22,448 [INFO] DbExamplesSqlite:375 - Found 6197 examples active
2022-11-17 17:20:22,448 [INFO] DbExamplesSqlite:376 - Found 89 examples obsolete
2022-11-17 17:20:22,449 [INFO] DbExamplesSqlite:377 - Found 0 examples under development
2022-11-17 17:20:22,449 [INFO] DbExamplesSqlite:378 - Found 76 examples not building
2022-11-17 17:20:22,450 [WARN] PackLoader:242 - Cannot read IP mode file for STMicroelectronics.X-CUBE-AZRTOS-H7.2.1.0
2022-11-17 17:20:22,450 [INFO] DbExamples:124 - Found 6242 examples
2022-11-17 17:20:22,458 [INFO] DbExamples:221 - Found 77 boards with related examples
2022-11-17 17:20:22,459 [INFO] DbExamples:234 - Found 64 MCUs with related examples
2022-11-17 17:20:22,461 [WARN] PackLoader:242 - Cannot read IP mode file for STMicroelectronics.X-CUBE-BLEMGR.1.0.0
2022-11-17 17:20:22,469 [WARN] PackLoader:242 - Cannot read IP mode file for STMicroelectronics.X-CUBE-AI.7.3.0
2022-11-17 17:20:22,469 [INFO] ApiDb:418 - Load user favorites file C:\Users\ADMIN/.stm32cubeide/favorites.examples.txt: 0 item(s)
2022-11-17 17:20:22,469 [INFO] ApiDb:422 - User favorites Examples=[]
2022-11-17 17:20:22,469 [INFO] DbExamples:249 - Set 0 / 0 favorites Examples
2022-11-17 17:20:22,478 [WARN] PackLoader:242 - Cannot read IP mode file for STMicroelectronics.X-CUBE-ALGOBUILD.1.3.0
2022-11-17 17:20:22,497 [WARN] PackLoader:242 - Cannot read IP mode file for STMicroelectronics.X-CUBE-AZRTOS-G0.1.1.0
2022-11-17 17:20:22,510 [WARN] PackLoader:242 - Cannot read IP mode file for STMicroelectronics.X-CUBE-SUBG2.5.0.0
2022-11-17 17:20:22,537 [WARN] PackLoader:242 - Cannot read IP mode file for SEGGER.I-CUBE-embOS.1.2.0
2022-11-17 17:20:22,555 [WARN] PackLoader:242 - Cannot read IP mode file for STMicroelectronics.FP-ATR-ASTRA1.1.1.1
2022-11-17 17:20:22,584 [WARN] PackLoader:242 - Cannot read IP mode file for STMicroelectronics.X-CUBE-AZRTOS-G4.1.0.0
2022-11-17 17:20:22,592 [WARN] PackLoader:242 - Cannot read IP mode file for STMicroelectronics.FP-ATR-SIGFOX1.3.2.0
2022-11-17 17:20:22,620 [WARN] PackLoader:242 - Cannot read IP mode file for STMicroelectronics.X-CUBE-AZRTOS-L4.1.0.0
2022-11-17 17:20:22,633 [WARN] PackLoader:242 - Cannot read IP mode file for emotas.I-CUBE-CANOPEN.1.1.2
2022-11-17 17:20:22,646 [WARN] PackLoader:242 - Cannot read IP mode file for STMicroelectronics.X-CUBE-TOUCHGFX.4.20.0
2022-11-17 17:20:22,662 [WARN] PackLoader:242 - Cannot read IP mode file for STMicroelectronics.X-CUBE-AZRTOS-WL.1.0.0
2022-11-17 17:20:22,673 [WARN] PackLoader:242 - Cannot read IP mode file for portGmbH.I-Cube-SoM-uGOAL.1.1.0
2022-11-17 17:20:22,681 [WARN] PackLoader:242 - Cannot read IP mode file for STMicroelectronics.X-CUBE-ALS.1.0.1
2022-11-17 17:20:22,698 [WARN] PackLoader:242 - Cannot read IP mode file for STMicroelectronics.X-CUBE-AZRTOS-L5.1.0.0
2022-11-17 17:20:22,706 [WARN] PackLoader:242 - Cannot read IP mode file for STMicroelectronics.X-CUBE-EEPRMA1.3.1.1
2022-11-17 17:20:22,708 [INFO] ThirdParty:929 - Integrity check success = true
2022-11-17 17:20:22,708 [INFO] IntegrityCheckThread:98 - exiting critical section [integrity check]
2022-11-17 17:20:22,708 [INFO] IntegrityCheckThread:101 - End integrity checks thread
2022-11-17 17:20:22,781 [INFO] McuFinderGlobals:57 - Set McuFinderConnectedMode to true
2022-11-17 17:20:22,790 [INFO] MultiScanPanel:195 - Auto-refresh data requested => check proxy status ongoing
2022-11-17 17:20:22,793 [INFO] FinderPluginLoader:92 - Searching for filters in installed packs
2022-11-17 17:20:23,504 [INFO] LoadUrlFilesThread:177 - End of LoadServerUrlFiles without Thread
2022-11-17 17:20:23,534 [INFO] DetailPanel:339 - Set advertising image to C:/Users/ADMIN/STM32Cube/Repository/\en.Prom_NBSTM32U50921.jpg
2022-11-17 17:20:25,074 [ERROR] LogOutputStream:74 - [STDERR_REDIRECT] SLF4J: Failed to load class "org.slf4j.impl.StaticLoggerBinder".
2022-11-17 17:20:25,075 [ERROR] LogOutputStream:74 - [STDERR_REDIRECT] SLF4J: Defaulting to no-operation (NOP) logger implementation
2022-11-17 17:20:25,076 [ERROR] LogOutputStream:74 - [STDERR_REDIRECT] SLF4J: See http://www.slf4j.org/codes.html#StaticLoggerBinder for further details.
2022-11-17 17:21:03,177 [INFO] MainUpdater:2768 - connection check result : 10
2022-11-17 17:21:03,178 [INFO] MainUpdater:2768 - connection check result : 10
2022-11-17 17:21:03,219 [INFO] MicroXplorer:451 - Change Database Path : 
2022-11-17 17:21:03,219 [INFO] MicroXplorer:481 - Change Database Version : DB.6.0.60
2022-11-17 17:21:03,219 [WARN] ThirdParty:827 - waiting for thirdparty lock release [close project]
2022-11-17 17:21:03,219 [INFO] ThirdParty:829 - entering critical section [close project]
2022-11-17 17:21:03,220 [INFO] ThirdParty:839 - exiting critical section [close project]
2022-11-17 17:21:03,226 [INFO] PinOutPanel:1468 - setPackage(No Configuration,No Configuration)
2022-11-17 17:21:03,232 [INFO] UtilMem:74 - Begin LoadConfig() Used Memory: 318522592 Bytes (385875968)
2022-11-17 17:21:03,233 [INFO] MicroXplorer:451 - Change Database Path : 
2022-11-17 17:21:03,233 [INFO] MicroXplorer:481 - Change Database Version : DB.6.0.60
2022-11-17 17:21:03,233 [INFO] OpenFileManager:307 - Change cursor
2022-11-17 17:21:03,260 [INFO] Mcu:1922 - Initializing MCU STM32F103C6Ux STM32F103C6Ux 
2022-11-17 17:21:03,260 [INFO] Mcu:1935 - No CPN specified => set CPN to STM32F103C6U6A
2022-11-17 17:21:03,834 [INFO] Context:654 - Trying to add GPIOservice into a context  which must be forbidden
2022-11-17 17:21:03,984 [INFO] ImportTextPane:193 - (OptionalMessage_ERROR) Unable to find key (Mcu.ThirdPartyNb) in loaded IOC file
2022-11-17 17:21:03,985 [INFO] ImportTextPane:193 - (OptionalMessage_ERROR) Unable to find key (Mcu.PinsNb) in loaded IOC file
2022-11-17 17:21:03,985 [INFO] ImportTextPane:193 - (OptionalMessage_ERROR) Unable to find key (Mcu.IPNb) in loaded IOC file
2022-11-17 17:21:04,027 [WARN] ApiManager:308 - Cannot register API 'Board Extension:GNSS1A1' from pack STMicroelectronics.X-CUBE-GNSS1.6.0.0: no header file found
2022-11-17 17:21:04,027 [WARN] ApiManager:308 - Cannot register API 'Board Support:Custom' from pack STMicroelectronics.X-CUBE-GNSS1.6.0.0: no header file found
2022-11-17 17:21:04,027 [WARN] ApiManager:308 - Cannot register API 'Data Exchange:lib_gnss' from pack STMicroelectronics.X-CUBE-GNSS1.6.0.0: no header file found
2022-11-17 17:21:04,035 [WARN] ApiManager:308 - Cannot register API 'Wireless:BlueNRG-MS' from pack STMicroelectronics.X-CUBE-BLE1.6.2.3: no header file found
2022-11-17 17:21:04,037 [INFO] RtosManager:488 - Registered RTOS mode: class=CMSIS, group=RTOS, mode=CMSIS_V1, owner=FREERTOS
2022-11-17 17:21:04,037 [INFO] RtosManager:488 - Registered RTOS mode: class=CMSIS, group=RTOS2, mode=CMSIS_V2, owner=FREERTOS
2022-11-17 17:21:04,037 [INFO] RtosManager:488 - Registered RTOS mode: class=RTOS, group=Core, mode=CMSIS_V1, owner=FREERTOS
2022-11-17 17:21:04,037 [INFO] RtosManager:488 - Registered RTOS mode: class=RTOS, group=Core, mode=CMSIS_V2, owner=FREERTOS
2022-11-17 17:21:04,038 [WARN] ModelIntegratedComponent:185 - Missing modes for component STMicroelectronics:FreeRTOS:0.0.1:STMicroelectronics:RTOS:FreeRTOS:Core:::10.2.0:
2022-11-17 17:21:04,040 [WARN] ApiManager:308 - Cannot register API 'Board Extension:S2868A1' from pack STMicroelectronics.X-CUBE-SUBG2.5.0.0: no header file found
2022-11-17 17:21:04,040 [WARN] ApiManager:308 - Cannot register API 'Board Extension:S2868A2' from pack STMicroelectronics.X-CUBE-SUBG2.5.0.0: no header file found
2022-11-17 17:21:04,040 [WARN] ApiManager:308 - Cannot register API 'Board Extension:S2915A1' from pack STMicroelectronics.X-CUBE-SUBG2.5.0.0: no header file found
2022-11-17 17:21:04,043 [WARN] ApiManager:308 - Cannot register API 'Board Extension:NFC04A1' from pack STMicroelectronics.X-CUBE-NFC4.2.0.5: no header file found
2022-11-17 17:21:04,044 [WARN] ApiManager:308 - Cannot register API 'Board Extension:NFC04A1' from pack STMicroelectronics.X-CUBE-NFC4.2.0.4: no header file found
2022-11-17 17:21:04,048 [WARN] ModelIntegratedComponent:64 - No mode defined for component null
2022-11-17 17:21:04,048 [WARN] ModelIntegratedComponent:64 - No mode defined for component null
2022-11-17 17:21:04,048 [WARN] ModelIntegratedComponent:64 - No mode defined for component null
2022-11-17 17:21:04,048 [WARN] ModelIntegratedComponent:64 - No mode defined for component null
2022-11-17 17:21:04,048 [WARN] ModelIntegratedComponent:64 - No mode defined for component null
2022-11-17 17:21:04,048 [WARN] ModelIntegratedComponent:64 - No mode defined for component null
2022-11-17 17:21:04,048 [WARN] ModelIntegratedComponent:64 - No mode defined for component null
2022-11-17 17:21:04,048 [WARN] ModelIntegratedComponent:64 - No mode defined for component null
2022-11-17 17:21:04,048 [WARN] ModelIntegratedComponent:64 - No mode defined for component null
2022-11-17 17:21:04,048 [WARN] ModelIntegratedComponent:64 - No mode defined for component null
2022-11-17 17:21:04,048 [WARN] ModelIntegratedComponent:64 - No mode defined for component null
2022-11-17 17:21:04,048 [WARN] ModelIntegratedComponent:64 - No mode defined for component null
2022-11-17 17:21:04,048 [WARN] ModelIntegratedComponent:64 - No mode defined for component null
2022-11-17 17:21:04,048 [WARN] ModelIntegratedComponent:64 - No mode defined for component null
2022-11-17 17:21:04,048 [WARN] ModelIntegratedComponent:64 - No mode defined for component null
2022-11-17 17:21:04,048 [WARN] ModelIntegratedComponent:64 - No mode defined for component null
2022-11-17 17:21:04,048 [WARN] ModelIntegratedComponent:64 - No mode defined for component null
2022-11-17 17:21:04,048 [WARN] ModelIntegratedComponent:64 - No mode defined for component null
2022-11-17 17:21:04,048 [WARN] ModelIntegratedComponent:64 - No mode defined for component null
2022-11-17 17:21:04,048 [WARN] ModelIntegratedComponent:64 - No mode defined for component null
2022-11-17 17:21:04,048 [WARN] ModelIntegratedComponent:64 - No mode defined for component null
2022-11-17 17:21:04,048 [WARN] ModelIntegratedComponent:64 - No mode defined for component null
2022-11-17 17:21:04,048 [WARN] ModelIntegratedComponent:64 - No mode defined for component null
2022-11-17 17:21:04,048 [WARN] ModelIntegratedComponent:64 - No mode defined for component null
2022-11-17 17:21:04,048 [WARN] ModelIntegratedComponent:64 - No mode defined for component null
2022-11-17 17:21:04,048 [WARN] ModelIntegratedComponent:64 - No mode defined for component null
2022-11-17 17:21:04,049 [WARN] ModelIntegratedComponent:64 - No mode defined for component null
2022-11-17 17:21:04,049 [WARN] ModelIntegratedComponent:64 - No mode defined for component null
2022-11-17 17:21:04,049 [WARN] ModelIntegratedComponent:64 - No mode defined for component null
2022-11-17 17:21:04,049 [WARN] ModelIntegratedComponent:64 - No mode defined for component null
2022-11-17 17:21:04,049 [WARN] ModelIntegratedComponent:64 - No mode defined for component null
2022-11-17 17:21:04,049 [WARN] ModelIntegratedComponent:64 - No mode defined for component null
2022-11-17 17:21:04,049 [WARN] ModelIntegratedComponent:64 - No mode defined for component null
2022-11-17 17:21:04,050 [WARN] ApiManager:308 - Cannot register API 'Board Extension:NFC07A1' from pack STMicroelectronics.X-CUBE-NFC7.1.0.0: no header file found
2022-11-17 17:21:04,112 [WARN] ApiManager:308 - Cannot register API 'Board Extension:IKS01A3' from pack STMicroelectronics.X-CUBE-MEMS1.9.3.0: no header file found
2022-11-17 17:21:04,113 [WARN] ApiManager:308 - Cannot register API 'Board Extension:IKS01A2' from pack STMicroelectronics.X-CUBE-MEMS1.9.3.0: no header file found
2022-11-17 17:21:04,113 [WARN] ApiManager:308 - Cannot register API 'Board Extension:IKS02A1' from pack STMicroelectronics.X-CUBE-MEMS1.9.3.0: no header file found
2022-11-17 17:21:04,118 [WARN] ApiManager:308 - Cannot register API 'Board Extension:EEPRMA1' from pack STMicroelectronics.X-CUBE-EEPRMA1.3.1.1: no header file found
2022-11-17 17:21:04,119 [WARN] ApiManager:308 - Cannot register API 'Board Extension:EEPRMA2' from pack STMicroelectronics.X-CUBE-EEPRMA1.3.1.1: no header file found
2022-11-17 17:21:04,119 [WARN] ApiManager:308 - Cannot register API 'Board Extension:S2868A1' from pack STMicroelectronics.X-CUBE-SFXS2LP1.4.0.0: no header file found
2022-11-17 17:21:04,119 [WARN] ApiManager:308 - Cannot register API 'Board Extension:S2868A2' from pack STMicroelectronics.X-CUBE-SFXS2LP1.4.0.0: no header file found
2022-11-17 17:21:04,119 [WARN] ApiManager:308 - Cannot register API 'Board Extension:S2915A1' from pack STMicroelectronics.X-CUBE-SFXS2LP1.4.0.0: no header file found
2022-11-17 17:21:04,120 [WARN] ApiManager:308 - Cannot register API 'Wireless:BlueNRG-2' from pack STMicroelectronics.X-CUBE-BLE2.3.3.0: no header file found
2022-11-17 17:21:04,126 [INFO] ThirdPartyModel:289 - Start build external matchings
2022-11-17 17:21:04,308 [INFO] ThirdPartyModel:302 - End build external matchings
2022-11-17 17:21:04,432 [INFO] UtilMem:74 - End LoadConfig() Used Memory: 380843496 Bytes (470810624)
2022-11-17 17:21:04,454 [WARN] ThirdParty:789 - waiting for thirdparty lock release [change project]
2022-11-17 17:21:04,454 [INFO] ThirdParty:791 - entering critical section [change project]
2022-11-17 17:21:04,455 [INFO] ThirdParty:981 - CMSIS Pack Vendor :STMicroelectronics X-CUBE-ISPU 1.1.0
2022-11-17 17:21:04,455 [INFO] ThirdParty:981 - CMSIS Pack Vendor :RoweBots I-CUBE-UNISONRTOS 5.5.0-4
2022-11-17 17:21:04,455 [INFO] ThirdParty:981 - CMSIS Pack Vendor :STMicroelectronics X-CUBE-GNSS1 6.0.0
2022-11-17 17:21:04,455 [INFO] ThirdParty:981 - CMSIS Pack Vendor :STMicroelectronics X-CUBE-AZRTOS-H7 2.1.0
2022-11-17 17:21:04,455 [INFO] ThirdParty:981 - CMSIS Pack Vendor :STMicroelectronics USB_HOST 2.0.0
2022-11-17 17:21:04,455 [INFO] ThirdParty:981 - CMSIS Pack Vendor :STMicroelectronics X-CUBE-AZRTOS-F4 1.1.0
2022-11-17 17:21:04,455 [INFO] ThirdParty:981 - CMSIS Pack Vendor :STMicroelectronics LIBJPEG 8.0.0
2022-11-17 17:21:04,455 [INFO] ThirdParty:981 - CMSIS Pack Vendor :STMicroelectronics USB_DEVICE 3.0.0
2022-11-17 17:21:04,455 [INFO] ThirdParty:981 - CMSIS Pack Vendor :STMicroelectronics X-CUBE-BLEMGR 1.0.0
2022-11-17 17:21:04,455 [INFO] ThirdParty:981 - CMSIS Pack Vendor :STMicroelectronics X-CUBE-BLEMGR 1.2.0
2022-11-17 17:21:04,455 [INFO] ThirdParty:981 - CMSIS Pack Vendor :STMicroelectronics X-CUBE-AZRTOS-F7 1.1.0
2022-11-17 17:21:04,455 [INFO] ThirdParty:981 - CMSIS Pack Vendor :STMicroelectronics USB_DEVICE 2.0.0
2022-11-17 17:21:04,455 [INFO] ThirdParty:981 - CMSIS Pack Vendor :STMicroelectronics X-CUBE-AI 7.3.0
2022-11-17 17:21:04,455 [INFO] ThirdParty:981 - CMSIS Pack Vendor :STMicroelectronics X-CUBE-BLE1 6.2.3
2022-11-17 17:21:04,456 [INFO] ThirdParty:981 - CMSIS Pack Vendor :STMicroelectronics X-CUBE-ALGOBUILD 1.3.0
2022-11-17 17:21:04,456 [INFO] ThirdParty:981 - CMSIS Pack Vendor :STMicroelectronics FreeRTOS 0.0.1
2022-11-17 17:21:04,456 [INFO] ThirdParty:981 - CMSIS Pack Vendor :STMicroelectronics X-CUBE-AZRTOS-G0 1.1.0
2022-11-17 17:21:04,456 [INFO] ThirdParty:981 - CMSIS Pack Vendor :STMicroelectronics X-CUBE-SUBG2 5.0.0
2022-11-17 17:21:04,456 [INFO] ThirdParty:981 - CMSIS Pack Vendor :SEGGER I-CUBE-embOS 1.2.0
2022-11-17 17:21:04,456 [INFO] ThirdParty:981 - CMSIS Pack Vendor :STMicroelectronics STM32_WPAN 1.0.0
2022-11-17 17:21:04,456 [INFO] ThirdParty:981 - CMSIS Pack Vendor :STMicroelectronics lwIP 2.0.3
2022-11-17 17:21:04,456 [INFO] ThirdParty:981 - CMSIS Pack Vendor :STMicroelectronics X-CUBE-NFC4 2.0.5
2022-11-17 17:21:04,456 [INFO] ThirdParty:981 - CMSIS Pack Vendor :STMicroelectronics X-CUBE-NFC4 2.0.4
2022-11-17 17:21:04,456 [INFO] ThirdParty:981 - CMSIS Pack Vendor :STMicroelectronics USB_HOST 1.0.0
2022-11-17 17:21:04,457 [INFO] ThirdParty:981 - CMSIS Pack Vendor :STMicroelectronics PDM2PCM 3.1.0
2022-11-17 17:21:04,457 [INFO] ThirdParty:981 - CMSIS Pack Vendor :STMicroelectronics FP-ATR-ASTRA1 1.1.1
2022-11-17 17:21:04,457 [INFO] ThirdParty:981 - CMSIS Pack Vendor :STMicroelectronics PDM2PCM 3.3.0
2022-11-17 17:21:04,457 [INFO] ThirdParty:981 - CMSIS Pack Vendor :STMicroelectronics X-CUBE-TOF1 3.1.0
2022-11-17 17:21:04,457 [INFO] ThirdParty:981 - CMSIS Pack Vendor :STMicroelectronics X-CUBE-AZRTOS-G4 1.0.0
2022-11-17 17:21:04,457 [INFO] ThirdParty:981 - CMSIS Pack Vendor :STMicroelectronics FP-ATR-SIGFOX1 3.2.0
2022-11-17 17:21:04,457 [INFO] ThirdParty:981 - CMSIS Pack Vendor :STMicroelectronics X-CUBE-AZRTOS-L4 1.0.0
2022-11-17 17:21:04,458 [INFO] ThirdParty:981 - CMSIS Pack Vendor :wolfSSL I-CUBE-wolfSSL 5.5.0
2022-11-17 17:21:04,458 [INFO] ThirdParty:981 - CMSIS Pack Vendor :STMicroelectronics HAL Drivers 0.0.0
2022-11-17 17:21:04,458 [INFO] ThirdParty:981 - CMSIS Pack Vendor :STMicroelectronics MBEDTLS 2.16.2
2022-11-17 17:21:04,458 [INFO] ThirdParty:981 - CMSIS Pack Vendor :emotas I-CUBE-CANOPEN 1.1.2
2022-11-17 17:21:04,458 [INFO] ThirdParty:981 - CMSIS Pack Vendor :STMicroelectronics X-CUBE-TOUCHGFX 4.20.0
2022-11-17 17:21:04,458 [INFO] ThirdParty:981 - CMSIS Pack Vendor :STMicroelectronics MBEDTLS 2.14.1
2022-11-17 17:21:04,458 [INFO] ThirdParty:981 - CMSIS Pack Vendor :STMicroelectronics X-CUBE-NFC7 1.0.0
2022-11-17 17:21:04,458 [INFO] ThirdParty:981 - CMSIS Pack Vendor :STMicroelectronics X-CUBE-AZRTOS-WL 1.0.0
2022-11-17 17:21:04,459 [INFO] ThirdParty:981 - CMSIS Pack Vendor :STMicroelectronics X-CUBE-MEMS1 9.3.0
2022-11-17 17:21:04,459 [INFO] ThirdParty:981 - CMSIS Pack Vendor :portGmbH I-Cube-SoM-uGOAL 1.1.0
2022-11-17 17:21:04,459 [INFO] ThirdParty:981 - CMSIS Pack Vendor :STMicroelectronics X-CUBE-ALS 1.0.1
2022-11-17 17:21:04,459 [INFO] ThirdParty:981 - CMSIS Pack Vendor :STMicroelectronics X-CUBE-AI 7.2.0
2022-11-17 17:21:04,459 [INFO] ThirdParty:981 - CMSIS Pack Vendor :STMicroelectronics ThreadX 1.0.0
2022-11-17 17:21:04,459 [INFO] ThirdParty:981 - CMSIS Pack Vendor :STMicroelectronics X-CUBE-AZRTOS-L5 1.0.0
2022-11-17 17:21:04,459 [INFO] ThirdParty:981 - CMSIS Pack Vendor :STMicroelectronics USB_DEVICE 1.0.0
2022-11-17 17:21:04,459 [INFO] ThirdParty:981 - CMSIS Pack Vendor :STMicroelectronics X-CUBE-EEPRMA1 3.1.1
2022-11-17 17:21:04,460 [INFO] ThirdParty:981 - CMSIS Pack Vendor :STMicroelectronics ThreadX 0.0.2
2022-11-17 17:21:04,460 [INFO] ThirdParty:981 - CMSIS Pack Vendor :STMicroelectronics lwIP 2.1.2
2022-11-17 17:21:04,460 [INFO] ThirdParty:981 - CMSIS Pack Vendor :STMicroelectronics X-CUBE-SFXS2LP1 4.0.0
2022-11-17 17:21:04,460 [INFO] ThirdParty:981 - CMSIS Pack Vendor :STMicroelectronics X-CUBE-BLE2 3.3.0
2022-11-17 17:21:04,460 [INFO] ThirdParty:981 - CMSIS Pack Vendor :STMicroelectronics X-CUBE-DISPLAY 2.2.0
2022-11-17 17:21:04,460 [INFO] ThirdParty:981 - CMSIS Pack Vendor :STMicroelectronics X-CUBE-TOF1 3.2.0
2022-11-17 17:21:04,460 [INFO] ThirdParty:981 - CMSIS Pack Vendor :STMicroelectronics PDM2PCM 3.2.0
2022-11-17 17:21:04,460 [INFO] ThirdParty:981 - CMSIS Pack Vendor :STMicroelectronics X-CUBE-ISPU 1.0.0
2022-11-17 17:21:04,461 [INFO] ThirdParty:797 - exiting critical section [change project]
2022-11-17 17:21:04,631 [INFO] PinOutPanel:1468 - setPackage(No Configuration,No Configuration)
2022-11-17 17:21:04,632 [INFO] PinOutPanel:1468 - setPackage(STM32F103C6Ux,UFQFPN48)
2022-11-17 17:21:04,892 [INFO] UtilMem:74 - Before build in PCC Used Memory: 367075000 Bytes (494927872)
2022-11-17 17:21:05,388 [INFO] UtilMem:74 - After build in PCC Used Memory: 408877008 Bytes (494927872)
2022-11-17 17:21:05,406 [INFO] IPUIPlugin:79 - create IPUIPlugin
2022-11-17 17:21:05,407 [INFO] IPUIPlugin:79 - create IPUIPlugin
2022-11-17 17:21:05,407 [INFO] IPUIPlugin:79 - create IPUIPlugin
2022-11-17 17:21:05,407 [INFO] IPUIPlugin:79 - create IPUIPlugin
2022-11-17 17:21:05,407 [INFO] IPUIPlugin:79 - create IPUIPlugin
2022-11-17 17:21:05,407 [INFO] IPUIPlugin:79 - create IPUIPlugin
2022-11-17 17:21:05,407 [INFO] IPUIPlugin:79 - create IPUIPlugin
2022-11-17 17:21:05,407 [INFO] IPUIPlugin:79 - create IPUIPlugin
2022-11-17 17:21:05,407 [INFO] IPUIPlugin:79 - create IPUIPlugin
2022-11-17 17:21:05,408 [INFO] IPUIPlugin:79 - create IPUIPlugin
2022-11-17 17:21:05,408 [INFO] IPUIPlugin:79 - create IPUIPlugin
2022-11-17 17:21:05,408 [INFO] IPUIPlugin:79 - create IPUIPlugin
2022-11-17 17:21:05,408 [INFO] IPUIPlugin:79 - create IPUIPlugin
2022-11-17 17:21:05,408 [INFO] IPUIPlugin:79 - create IPUIPlugin
2022-11-17 17:21:05,409 [INFO] IPUIPlugin:79 - create IPUIPlugin
2022-11-17 17:21:05,409 [INFO] IPUIPlugin:79 - create IPUIPlugin
2022-11-17 17:21:05,409 [INFO] IPUIPlugin:79 - create IPUIPlugin
2022-11-17 17:21:05,409 [INFO] IPUIPlugin:79 - create IPUIPlugin
2022-11-17 17:21:05,409 [INFO] IPUIPlugin:79 - create IPUIPlugin
2022-11-17 17:21:05,410 [INFO] IPUIPlugin:79 - create IPUIPlugin
2022-11-17 17:21:05,410 [INFO] IPUIPlugin:79 - create IPUIPlugin
2022-11-17 17:21:05,410 [INFO] IPUIPlugin:79 - create IPUIPlugin
2022-11-17 17:21:05,410 [INFO] IPUIPlugin:79 - create IPUIPlugin
2022-11-17 17:21:05,559 [INFO] OpenFileManager:327 - Restore cursor
2022-11-17 17:21:06,409 [INFO] UtilMem:74 - End SaveConfig() Used Memory: 379615336 Bytes (494927872)
2022-11-17 17:21:06,428 [INFO] UtilMem:74 - End SaveConfig() Used Memory: 393224280 Bytes (494927872)
2022-11-17 17:21:06,780 [INFO] BlockDiagram:2753 - set Specific Code input for plugin: NVIC
2022-11-17 17:21:06,780 [INFO] BlockDiagram:2753 - set Specific Code input for plugin: RCC
2022-11-17 17:21:06,781 [INFO] CodeGenerator:690 - code generatio: config db path: D:\ST\STM32CubeIDE_1.10.1\STM32CubeIDE\plugins\com.st.stm32cube.common.mx_6.6.1.202207061420\\db\
2022-11-17 17:21:07,206 [INFO] CodeEngine:245 - oldGeneratedFile, C:\Users\ADMIN\Documents\MCU\Lab4\Simple_Scheduler\MXTmpFiles\license.tmp_save
2022-11-17 17:21:07,593 [INFO] CodeEngine:269 - Generated code: C:\Users\ADMIN\Documents\MCU\Lab4\Simple_Scheduler\MXTmpFiles\license.tmp
2022-11-17 17:21:07,612 [INFO] CodeEngine:245 - oldGeneratedFile, C:\Users\ADMIN\Documents\MCU\Lab4\Simple_Scheduler\Core\Src\stm32f1xx_it.c_save
2022-11-17 17:21:07,770 [INFO] CodeEngine:269 - Generated code: C:\Users\ADMIN\Documents\MCU\Lab4\Simple_Scheduler\Core\Src\stm32f1xx_it.c
2022-11-17 17:21:07,777 [INFO] CodeEngine:245 - oldGeneratedFile, C:\Users\ADMIN\Documents\MCU\Lab4\Simple_Scheduler\Core\Inc\stm32f1xx_it.h_save
2022-11-17 17:21:07,833 [INFO] CodeEngine:269 - Generated code: C:\Users\ADMIN\Documents\MCU\Lab4\Simple_Scheduler\Core\Inc\stm32f1xx_it.h
2022-11-17 17:21:07,932 [INFO] CodeEngine:245 - oldGeneratedFile, C:\Users\ADMIN\Documents\MCU\Lab4\Simple_Scheduler\Core\Src\stm32f1xx_hal_msp.c_save
2022-11-17 17:21:08,009 [INFO] CodeEngine:269 - Generated code: C:\Users\ADMIN\Documents\MCU\Lab4\Simple_Scheduler\Core\Src\stm32f1xx_hal_msp.c
2022-11-17 17:21:08,014 [INFO] CodeEngine:245 - oldGeneratedFile, C:\Users\ADMIN\Documents\MCU\Lab4\Simple_Scheduler\MXTmpFiles\system.tmp_save
2022-11-17 17:21:08,063 [INFO] CodeEngine:269 - Generated code: C:\Users\ADMIN\Documents\MCU\Lab4\Simple_Scheduler\MXTmpFiles\system.tmp
2022-11-17 17:21:08,073 [INFO] CodeEngine:245 - oldGeneratedFile, C:\Users\ADMIN\Documents\MCU\Lab4\Simple_Scheduler\Core\Inc\stm32f1xx_hal_conf.h_save
2022-11-17 17:21:08,149 [INFO] CodeEngine:269 - Generated code: C:\Users\ADMIN\Documents\MCU\Lab4\Simple_Scheduler\Core\Inc\stm32f1xx_hal_conf.h
2022-11-17 17:21:08,197 [INFO] CodeEngine:245 - oldGeneratedFile, C:\Users\ADMIN\Documents\MCU\Lab4\Simple_Scheduler\Core\Inc\main.h_save
2022-11-17 17:21:08,269 [INFO] CodeEngine:269 - Generated code: C:\Users\ADMIN\Documents\MCU\Lab4\Simple_Scheduler\Core\Inc\main.h
2022-11-17 17:21:08,275 [INFO] CodeEngine:245 - oldGeneratedFile, C:\Users\ADMIN\Documents\MCU\Lab4\Simple_Scheduler\Core\Src\main.c_save
2022-11-17 17:21:08,388 [INFO] CodeEngine:269 - Generated code: C:\Users\ADMIN\Documents\MCU\Lab4\Simple_Scheduler\Core\Src\main.c
2022-11-17 17:21:08,894 [INFO] ProjectBuilder:2919 - Time for Copy HAL[1] : 95mS.
2022-11-17 17:21:08,917 [INFO] ProjectBuilder:4117 - Project Generator version: 3.17.1
2022-11-17 17:21:09,134 [INFO] ConfigFileManager:1394 - The Die is : DIE412
2022-11-17 17:21:09,148 [INFO] ApiDbMcu:505 - Load IP Config File for FATFS
2022-11-17 17:21:09,165 [INFO] ApiDbMcu:505 - Load IP Config File for FREERTOS
2022-11-17 17:21:09,180 [INFO] ApiDbMcu:505 - Load IP Config File for USB_DEVICE
2022-11-17 17:21:12,445 [INFO] ProjectBuilder:4285 - Time for Generating toolchain IDE Files: 3528mS.
2022-11-17 17:21:12,446 [INFO] ProjectBuilder:2790 - Time for Copy CMSIS : 0mS.
2022-11-17 17:21:12,447 [INFO] ProjectBuilder:2790 - Time for Copy CMSIS : 0mS.
2022-11-17 17:21:12,892 [INFO] McuFinderGlobals:57 - Set McuFinderConnectedMode to true
2022-11-17 17:21:12,893 [INFO] ApiDb:443 - Save user favorites file C:\Users\ADMIN/.stm32cubeide/favorites.mcus.txt: 0 item(s)
2022-11-17 17:21:12,894 [INFO] ApiDb:447 - User favorites MCUs=[]
2022-11-17 17:22:00,647 [INFO] NvicIntPanel:100 - NVIC parent = com.st.microxplorer.plugins.ip.nvic.MultiNvicIntPanel[,0,0,450x161,layout=javax.swing.BoxLayout,alignmentX=0.0,alignmentY=0.0,border=,flags=9,maximumSize=,minimumSize=,preferredSize=]
2022-11-17 17:22:01,660 [INFO] NvicIntPanel:100 - NVIC parent = com.st.microxplorer.plugins.ip.nvic.MultiNvicIntPanel[,0,0,0x0,invalid,layout=javax.swing.BoxLayout,alignmentX=0.0,alignmentY=0.0,border=,flags=9,maximumSize=,minimumSize=,preferredSize=]
2022-11-17 17:22:08,664 [INFO] NvicIntPanel:100 - NVIC parent = com.st.microxplorer.plugins.ip.nvic.MultiNvicIntPanel[,0,0,0x0,invalid,layout=javax.swing.BoxLayout,alignmentX=0.0,alignmentY=0.0,border=,flags=9,maximumSize=,minimumSize=,preferredSize=]
2022-11-17 17:22:12,777 [INFO] UtilMem:74 - End SaveConfig() Used Memory: 606176368 Bytes (853540864)
2022-11-17 17:22:14,855 [INFO] UtilMem:74 - End SaveConfig() Used Memory: 435888872 Bytes (853540864)
2022-11-17 17:22:16,799 [INFO] UtilMem:74 - End SaveConfig() Used Memory: 491178208 Bytes (853540864)
2022-11-17 17:22:16,964 [INFO] BlockDiagram:2753 - set Specific Code input for plugin: NVIC
2022-11-17 17:22:16,965 [INFO] BlockDiagram:2753 - set Specific Code input for plugin: SYS
2022-11-17 17:22:16,965 [INFO] BlockDiagram:2753 - set Specific Code input for plugin: GPIO
2022-11-17 17:22:16,965 [INFO] BlockDiagram:2753 - set Specific Code input for plugin: RCC
2022-11-17 17:22:16,965 [INFO] BlockDiagram:2753 - set Specific Code input for plugin: TIM1_8F1
2022-11-17 17:22:16,966 [INFO] CodeGenerator:690 - code generatio: config db path: D:\ST\STM32CubeIDE_1.10.1\STM32CubeIDE\plugins\com.st.stm32cube.common.mx_6.6.1.202207061420\\db\
2022-11-17 17:22:17,074 [INFO] CodeEngine:245 - oldGeneratedFile, C:\Users\ADMIN\Documents\MCU\Lab4\Simple_Scheduler\MXTmpFiles\license.tmp_save
2022-11-17 17:22:17,150 [INFO] CodeEngine:269 - Generated code: C:\Users\ADMIN\Documents\MCU\Lab4\Simple_Scheduler\MXTmpFiles\license.tmp
2022-11-17 17:22:17,161 [INFO] CodeEngine:245 - oldGeneratedFile, C:\Users\ADMIN\Documents\MCU\Lab4\Simple_Scheduler\MXTmpFiles\gpio.tmp_save
2022-11-17 17:22:17,217 [INFO] CodeEngine:269 - Generated code: C:\Users\ADMIN\Documents\MCU\Lab4\Simple_Scheduler\MXTmpFiles\gpio.tmp
2022-11-17 17:22:17,282 [INFO] CodeEngine:245 - oldGeneratedFile, C:\Users\ADMIN\Documents\MCU\Lab4\Simple_Scheduler\Core\Src\stm32f1xx_it.c_save
2022-11-17 17:22:17,368 [INFO] CodeEngine:269 - Generated code: C:\Users\ADMIN\Documents\MCU\Lab4\Simple_Scheduler\Core\Src\stm32f1xx_it.c
2022-11-17 17:22:17,372 [INFO] CodeEngine:245 - oldGeneratedFile, C:\Users\ADMIN\Documents\MCU\Lab4\Simple_Scheduler\Core\Inc\stm32f1xx_it.h_save
2022-11-17 17:22:17,412 [INFO] CodeEngine:269 - Generated code: C:\Users\ADMIN\Documents\MCU\Lab4\Simple_Scheduler\Core\Inc\stm32f1xx_it.h
2022-11-17 17:22:17,421 [INFO] CodeEngine:245 - oldGeneratedFile, C:\Users\ADMIN\Documents\MCU\Lab4\Simple_Scheduler\Core\Src\stm32f1xx_hal_msp.c_save
2022-11-17 17:22:17,485 [INFO] CodeEngine:269 - Generated code: C:\Users\ADMIN\Documents\MCU\Lab4\Simple_Scheduler\Core\Src\stm32f1xx_hal_msp.c
2022-11-17 17:22:17,487 [INFO] CodeEngine:245 - oldGeneratedFile, C:\Users\ADMIN\Documents\MCU\Lab4\Simple_Scheduler\MXTmpFiles\system.tmp_save
2022-11-17 17:22:17,528 [INFO] CodeEngine:269 - Generated code: C:\Users\ADMIN\Documents\MCU\Lab4\Simple_Scheduler\MXTmpFiles\system.tmp
2022-11-17 17:22:17,536 [INFO] CodeEngine:245 - oldGeneratedFile, C:\Users\ADMIN\Documents\MCU\Lab4\Simple_Scheduler\Core\Inc\stm32f1xx_hal_conf.h_save
2022-11-17 17:22:17,590 [INFO] CodeEngine:269 - Generated code: C:\Users\ADMIN\Documents\MCU\Lab4\Simple_Scheduler\Core\Inc\stm32f1xx_hal_conf.h
2022-11-17 17:22:17,603 [WARN] IPConfigManager:3348 - IP not found : TIM
2022-11-17 17:22:17,604 [WARN] CodeGenerator:3567 - IP not found : null
2022-11-17 17:22:17,612 [INFO] CodeEngine:245 - oldGeneratedFile, C:\Users\ADMIN\Documents\MCU\Lab4\Simple_Scheduler\Core\Inc\main.h_save
2022-11-17 17:22:17,655 [INFO] CodeEngine:269 - Generated code: C:\Users\ADMIN\Documents\MCU\Lab4\Simple_Scheduler\Core\Inc\main.h
2022-11-17 17:22:17,660 [INFO] CodeEngine:245 - oldGeneratedFile, C:\Users\ADMIN\Documents\MCU\Lab4\Simple_Scheduler\Core\Src\main.c_save
2022-11-17 17:22:17,730 [INFO] CodeEngine:269 - Generated code: C:\Users\ADMIN\Documents\MCU\Lab4\Simple_Scheduler\Core\Src\main.c
2022-11-17 17:22:18,090 [INFO] ProjectBuilder:2919 - Time for Copy HAL[1] : 62mS.
2022-11-17 17:22:18,092 [INFO] ProjectBuilder:4117 - Project Generator version: 3.17.1
2022-11-17 17:22:18,272 [INFO] ConfigFileManager:1394 - The Die is : DIE412
2022-11-17 17:22:19,083 [INFO] ProjectBuilder:4285 - Time for Generating toolchain IDE Files: 991mS.
2022-11-17 17:22:19,084 [INFO] ProjectBuilder:2790 - Time for Copy CMSIS : 1mS.
2022-11-17 17:22:19,085 [INFO] ProjectBuilder:2790 - Time for Copy CMSIS : 0mS.
2022-11-17 17:22:34,596 [INFO] NvicIntPanel:100 - NVIC parent = com.st.microxplorer.plugins.ip.nvic.MultiNvicIntPanel[,0,0,0x0,invalid,layout=javax.swing.BoxLayout,alignmentX=0.0,alignmentY=0.0,border=,flags=9,maximumSize=,minimumSize=,preferredSize=]
2022-11-17 17:26:44,911 [INFO] UtilMem:74 - End SaveConfig() Used Memory: 660320640 Bytes (853540864)
2022-11-17 17:26:45,910 [INFO] UtilMem:74 - End SaveConfig() Used Memory: 494671344 Bytes (853540864)
2022-11-17 17:26:47,428 [INFO] UtilMem:74 - End SaveConfig() Used Memory: 522984944 Bytes (853540864)
2022-11-17 17:26:47,553 [INFO] BlockDiagram:2753 - set Specific Code input for plugin: NVIC
2022-11-17 17:26:47,553 [INFO] BlockDiagram:2753 - set Specific Code input for plugin: SYS
2022-11-17 17:26:47,553 [INFO] BlockDiagram:2753 - set Specific Code input for plugin: GPIO
2022-11-17 17:26:47,553 [INFO] BlockDiagram:2753 - set Specific Code input for plugin: RCC
2022-11-17 17:26:47,553 [INFO] BlockDiagram:2753 - set Specific Code input for plugin: TIM1_8F1
2022-11-17 17:26:47,554 [INFO] CodeGenerator:690 - code generatio: config db path: D:\ST\STM32CubeIDE_1.10.1\STM32CubeIDE\plugins\com.st.stm32cube.common.mx_6.6.1.202207061420\\db\
2022-11-17 17:26:47,631 [INFO] CodeEngine:245 - oldGeneratedFile, C:\Users\ADMIN\Documents\MCU\Lab4\Simple_Scheduler\MXTmpFiles\license.tmp_save
2022-11-17 17:26:47,703 [INFO] CodeEngine:269 - Generated code: C:\Users\ADMIN\Documents\MCU\Lab4\Simple_Scheduler\MXTmpFiles\license.tmp
2022-11-17 17:26:47,728 [INFO] CodeEngine:245 - oldGeneratedFile, C:\Users\ADMIN\Documents\MCU\Lab4\Simple_Scheduler\Core\Src\gpio.c_save
2022-11-17 17:26:47,784 [INFO] CodeEngine:269 - Generated code: C:\Users\ADMIN\Documents\MCU\Lab4\Simple_Scheduler\Core\Src\gpio.c
2022-11-17 17:26:47,789 [INFO] CodeEngine:245 - oldGeneratedFile, C:\Users\ADMIN\Documents\MCU\Lab4\Simple_Scheduler\Core\Inc\gpio.h_save
2022-11-17 17:26:47,828 [INFO] CodeEngine:269 - Generated code: C:\Users\ADMIN\Documents\MCU\Lab4\Simple_Scheduler\Core\Inc\gpio.h
2022-11-17 17:26:47,846 [INFO] CodeEngine:245 - oldGeneratedFile, C:\Users\ADMIN\Documents\MCU\Lab4\Simple_Scheduler\Core\Src\tim.c_save
2022-11-17 17:26:47,904 [INFO] CodeEngine:269 - Generated code: C:\Users\ADMIN\Documents\MCU\Lab4\Simple_Scheduler\Core\Src\tim.c
2022-11-17 17:26:47,910 [INFO] CodeEngine:245 - oldGeneratedFile, C:\Users\ADMIN\Documents\MCU\Lab4\Simple_Scheduler\Core\Inc\tim.h_save
2022-11-17 17:26:47,947 [INFO] CodeEngine:269 - Generated code: C:\Users\ADMIN\Documents\MCU\Lab4\Simple_Scheduler\Core\Inc\tim.h
2022-11-17 17:26:47,956 [INFO] CodeEngine:245 - oldGeneratedFile, C:\Users\ADMIN\Documents\MCU\Lab4\Simple_Scheduler\Core\Src\stm32f1xx_it.c_save
2022-11-17 17:26:47,995 [INFO] CodeEngine:269 - Generated code: C:\Users\ADMIN\Documents\MCU\Lab4\Simple_Scheduler\Core\Src\stm32f1xx_it.c
2022-11-17 17:26:47,998 [INFO] CodeEngine:245 - oldGeneratedFile, C:\Users\ADMIN\Documents\MCU\Lab4\Simple_Scheduler\Core\Inc\stm32f1xx_it.h_save
2022-11-17 17:26:48,029 [INFO] CodeEngine:269 - Generated code: C:\Users\ADMIN\Documents\MCU\Lab4\Simple_Scheduler\Core\Inc\stm32f1xx_it.h
2022-11-17 17:26:48,037 [INFO] CodeEngine:245 - oldGeneratedFile, C:\Users\ADMIN\Documents\MCU\Lab4\Simple_Scheduler\Core\Src\stm32f1xx_hal_msp.c_save
2022-11-17 17:26:48,111 [INFO] CodeEngine:269 - Generated code: C:\Users\ADMIN\Documents\MCU\Lab4\Simple_Scheduler\Core\Src\stm32f1xx_hal_msp.c
2022-11-17 17:26:48,114 [INFO] CodeEngine:245 - oldGeneratedFile, C:\Users\ADMIN\Documents\MCU\Lab4\Simple_Scheduler\MXTmpFiles\system.tmp_save
2022-11-17 17:26:48,145 [INFO] CodeEngine:269 - Generated code: C:\Users\ADMIN\Documents\MCU\Lab4\Simple_Scheduler\MXTmpFiles\system.tmp
2022-11-17 17:26:48,153 [INFO] CodeEngine:245 - oldGeneratedFile, C:\Users\ADMIN\Documents\MCU\Lab4\Simple_Scheduler\Core\Inc\stm32f1xx_hal_conf.h_save
2022-11-17 17:26:48,212 [INFO] CodeEngine:269 - Generated code: C:\Users\ADMIN\Documents\MCU\Lab4\Simple_Scheduler\Core\Inc\stm32f1xx_hal_conf.h
2022-11-17 17:26:48,225 [INFO] CodeEngine:245 - oldGeneratedFile, C:\Users\ADMIN\Documents\MCU\Lab4\Simple_Scheduler\Core\Inc\main.h_save
2022-11-17 17:26:48,274 [INFO] CodeEngine:269 - Generated code: C:\Users\ADMIN\Documents\MCU\Lab4\Simple_Scheduler\Core\Inc\main.h
2022-11-17 17:26:48,280 [INFO] CodeEngine:245 - oldGeneratedFile, C:\Users\ADMIN\Documents\MCU\Lab4\Simple_Scheduler\Core\Src\main.c_save
2022-11-17 17:26:48,333 [INFO] CodeEngine:269 - Generated code: C:\Users\ADMIN\Documents\MCU\Lab4\Simple_Scheduler\Core\Src\main.c
2022-11-17 17:26:48,639 [INFO] ProjectBuilder:2919 - Time for Copy HAL[1] : 65mS.
2022-11-17 17:26:48,641 [INFO] ProjectBuilder:4117 - Project Generator version: 3.17.1
2022-11-17 17:26:48,812 [INFO] ConfigFileManager:1394 - The Die is : DIE412
2022-11-17 17:26:49,372 [INFO] ProjectBuilder:4285 - Time for Generating toolchain IDE Files: 731mS.
2022-11-17 17:26:49,372 [INFO] ProjectBuilder:2790 - Time for Copy CMSIS : 0mS.
2022-11-17 17:26:49,374 [INFO] ProjectBuilder:2790 - Time for Copy CMSIS : 0mS.
2022-11-18 00:36:43,914 [INFO] MainUpdater:2768 - connection check result : 10
2022-11-18 00:36:43,915 [INFO] MainUpdater:2768 - connection check result : 10
2022-11-18 00:36:43,947 [INFO] MicroXplorer:451 - Change Database Path : 
2022-11-18 00:36:43,947 [INFO] MicroXplorer:481 - Change Database Version : DB.6.0.60
2022-11-18 00:36:43,959 [WARN] ThirdParty:827 - waiting for thirdparty lock release [close project]
2022-11-18 00:36:43,959 [INFO] ThirdParty:829 - entering critical section [close project]
2022-11-18 00:36:43,959 [INFO] ThirdParty:839 - exiting critical section [close project]
2022-11-18 00:36:43,960 [INFO] PinOutPanel:1468 - setPackage(No Configuration,No Configuration)
2022-11-18 00:36:43,964 [INFO] UtilMem:74 - Begin LoadConfig() Used Memory: 526357744 Bytes (862978048)
2022-11-18 00:36:43,965 [INFO] MicroXplorer:451 - Change Database Path : 
2022-11-18 00:36:43,965 [INFO] MicroXplorer:481 - Change Database Version : DB.6.0.60
2022-11-18 00:36:43,965 [INFO] OpenFileManager:307 - Change cursor
2022-11-18 00:36:43,974 [INFO] RulesReader:61 - Compatibility file has been processed (282 Rules)
2022-11-18 00:36:43,976 [INFO] Mcu:1922 - Initializing MCU STM32F103C6Ux STM32F103C6Ux STM32F103C6U6A
2022-11-18 00:36:44,239 [INFO] Context:654 - Trying to add GPIOservice into a context  which must be forbidden
2022-11-18 00:36:44,317 [WARN] ApiManager:308 - Cannot register API 'Board Extension:GNSS1A1' from pack STMicroelectronics.X-CUBE-GNSS1.6.0.0: no header file found
2022-11-18 00:36:44,317 [WARN] ApiManager:308 - Cannot register API 'Board Support:Custom' from pack STMicroelectronics.X-CUBE-GNSS1.6.0.0: no header file found
2022-11-18 00:36:44,317 [WARN] ApiManager:308 - Cannot register API 'Data Exchange:lib_gnss' from pack STMicroelectronics.X-CUBE-GNSS1.6.0.0: no header file found
2022-11-18 00:36:44,319 [WARN] ApiManager:308 - Cannot register API 'Wireless:BlueNRG-MS' from pack STMicroelectronics.X-CUBE-BLE1.6.2.3: no header file found
2022-11-18 00:36:44,320 [INFO] RtosManager:488 - Registered RTOS mode: class=CMSIS, group=RTOS, mode=CMSIS_V1, owner=FREERTOS
2022-11-18 00:36:44,320 [INFO] RtosManager:488 - Registered RTOS mode: class=CMSIS, group=RTOS2, mode=CMSIS_V2, owner=FREERTOS
2022-11-18 00:36:44,320 [INFO] RtosManager:488 - Registered RTOS mode: class=RTOS, group=Core, mode=CMSIS_V1, owner=FREERTOS
2022-11-18 00:36:44,320 [INFO] RtosManager:488 - Registered RTOS mode: class=RTOS, group=Core, mode=CMSIS_V2, owner=FREERTOS
2022-11-18 00:36:44,320 [WARN] ModelIntegratedComponent:185 - Missing modes for component STMicroelectronics:FreeRTOS:0.0.1:STMicroelectronics:RTOS:FreeRTOS:Core:::10.2.0:
2022-11-18 00:36:44,321 [WARN] ApiManager:308 - Cannot register API 'Board Extension:S2868A1' from pack STMicroelectronics.X-CUBE-SUBG2.5.0.0: no header file found
2022-11-18 00:36:44,321 [WARN] ApiManager:308 - Cannot register API 'Board Extension:S2868A2' from pack STMicroelectronics.X-CUBE-SUBG2.5.0.0: no header file found
2022-11-18 00:36:44,321 [WARN] ApiManager:308 - Cannot register API 'Board Extension:S2915A1' from pack STMicroelectronics.X-CUBE-SUBG2.5.0.0: no header file found
2022-11-18 00:36:44,322 [WARN] ApiManager:308 - Cannot register API 'Board Extension:NFC04A1' from pack STMicroelectronics.X-CUBE-NFC4.2.0.5: no header file found
2022-11-18 00:36:44,322 [WARN] ApiManager:308 - Cannot register API 'Board Extension:NFC04A1' from pack STMicroelectronics.X-CUBE-NFC4.2.0.4: no header file found
2022-11-18 00:36:44,325 [WARN] ModelIntegratedComponent:64 - No mode defined for component null
2022-11-18 00:36:44,325 [WARN] ModelIntegratedComponent:64 - No mode defined for component null
2022-11-18 00:36:44,325 [WARN] ModelIntegratedComponent:64 - No mode defined for component null
2022-11-18 00:36:44,325 [WARN] ModelIntegratedComponent:64 - No mode defined for component null
2022-11-18 00:36:44,325 [WARN] ModelIntegratedComponent:64 - No mode defined for component null
2022-11-18 00:36:44,325 [WARN] ModelIntegratedComponent:64 - No mode defined for component null
2022-11-18 00:36:44,325 [WARN] ModelIntegratedComponent:64 - No mode defined for component null
2022-11-18 00:36:44,325 [WARN] ModelIntegratedComponent:64 - No mode defined for component null
2022-11-18 00:36:44,325 [WARN] ModelIntegratedComponent:64 - No mode defined for component null
2022-11-18 00:36:44,325 [WARN] ModelIntegratedComponent:64 - No mode defined for component null
2022-11-18 00:36:44,325 [WARN] ModelIntegratedComponent:64 - No mode defined for component null
2022-11-18 00:36:44,325 [WARN] ModelIntegratedComponent:64 - No mode defined for component null
2022-11-18 00:36:44,325 [WARN] ModelIntegratedComponent:64 - No mode defined for component null
2022-11-18 00:36:44,325 [WARN] ModelIntegratedComponent:64 - No mode defined for component null
2022-11-18 00:36:44,325 [WARN] ModelIntegratedComponent:64 - No mode defined for component null
2022-11-18 00:36:44,325 [WARN] ModelIntegratedComponent:64 - No mode defined for component null
2022-11-18 00:36:44,326 [WARN] ModelIntegratedComponent:64 - No mode defined for component null
2022-11-18 00:36:44,326 [WARN] ModelIntegratedComponent:64 - No mode defined for component null
2022-11-18 00:36:44,326 [WARN] ModelIntegratedComponent:64 - No mode defined for component null
2022-11-18 00:36:44,326 [WARN] ModelIntegratedComponent:64 - No mode defined for component null
2022-11-18 00:36:44,326 [WARN] ModelIntegratedComponent:64 - No mode defined for component null
2022-11-18 00:36:44,326 [WARN] ModelIntegratedComponent:64 - No mode defined for component null
2022-11-18 00:36:44,326 [WARN] ModelIntegratedComponent:64 - No mode defined for component null
2022-11-18 00:36:44,326 [WARN] ModelIntegratedComponent:64 - No mode defined for component null
2022-11-18 00:36:44,326 [WARN] ModelIntegratedComponent:64 - No mode defined for component null
2022-11-18 00:36:44,326 [WARN] ModelIntegratedComponent:64 - No mode defined for component null
2022-11-18 00:36:44,326 [WARN] ModelIntegratedComponent:64 - No mode defined for component null
2022-11-18 00:36:44,326 [WARN] ModelIntegratedComponent:64 - No mode defined for component null
2022-11-18 00:36:44,326 [WARN] ModelIntegratedComponent:64 - No mode defined for component null
2022-11-18 00:36:44,326 [WARN] ModelIntegratedComponent:64 - No mode defined for component null
2022-11-18 00:36:44,326 [WARN] ModelIntegratedComponent:64 - No mode defined for component null
2022-11-18 00:36:44,326 [WARN] ModelIntegratedComponent:64 - No mode defined for component null
2022-11-18 00:36:44,326 [WARN] ModelIntegratedComponent:64 - No mode defined for component null
2022-11-18 00:36:44,327 [WARN] ApiManager:308 - Cannot register API 'Board Extension:NFC07A1' from pack STMicroelectronics.X-CUBE-NFC7.1.0.0: no header file found
2022-11-18 00:36:44,364 [WARN] ApiManager:308 - Cannot register API 'Board Extension:IKS01A3' from pack STMicroelectronics.X-CUBE-MEMS1.9.3.0: no header file found
2022-11-18 00:36:44,364 [WARN] ApiManager:308 - Cannot register API 'Board Extension:IKS01A2' from pack STMicroelectronics.X-CUBE-MEMS1.9.3.0: no header file found
2022-11-18 00:36:44,364 [WARN] ApiManager:308 - Cannot register API 'Board Extension:IKS02A1' from pack STMicroelectronics.X-CUBE-MEMS1.9.3.0: no header file found
2022-11-18 00:36:44,368 [WARN] ApiManager:308 - Cannot register API 'Board Extension:EEPRMA1' from pack STMicroelectronics.X-CUBE-EEPRMA1.3.1.1: no header file found
2022-11-18 00:36:44,368 [WARN] ApiManager:308 - Cannot register API 'Board Extension:EEPRMA2' from pack STMicroelectronics.X-CUBE-EEPRMA1.3.1.1: no header file found
2022-11-18 00:36:44,368 [WARN] ApiManager:308 - Cannot register API 'Board Extension:S2868A1' from pack STMicroelectronics.X-CUBE-SFXS2LP1.4.0.0: no header file found
2022-11-18 00:36:44,368 [WARN] ApiManager:308 - Cannot register API 'Board Extension:S2868A2' from pack STMicroelectronics.X-CUBE-SFXS2LP1.4.0.0: no header file found
2022-11-18 00:36:44,368 [WARN] ApiManager:308 - Cannot register API 'Board Extension:S2915A1' from pack STMicroelectronics.X-CUBE-SFXS2LP1.4.0.0: no header file found
2022-11-18 00:36:44,368 [WARN] ApiManager:308 - Cannot register API 'Wireless:BlueNRG-2' from pack STMicroelectronics.X-CUBE-BLE2.3.3.0: no header file found
2022-11-18 00:36:44,373 [INFO] ThirdPartyModel:289 - Start build external matchings
2022-11-18 00:36:44,496 [INFO] ThirdPartyModel:302 - End build external matchings
2022-11-18 00:36:44,602 [INFO] UtilMem:74 - End LoadConfig() Used Memory: 669591160 Bytes (862978048)
2022-11-18 00:36:44,631 [WARN] ThirdParty:789 - waiting for thirdparty lock release [change project]
2022-11-18 00:36:44,631 [INFO] ThirdParty:791 - entering critical section [change project]
2022-11-18 00:36:44,631 [INFO] ThirdParty:981 - CMSIS Pack Vendor :STMicroelectronics X-CUBE-ISPU 1.1.0
2022-11-18 00:36:44,631 [INFO] ThirdParty:981 - CMSIS Pack Vendor :RoweBots I-CUBE-UNISONRTOS 5.5.0-4
2022-11-18 00:36:44,631 [INFO] ThirdParty:981 - CMSIS Pack Vendor :STMicroelectronics X-CUBE-GNSS1 6.0.0
2022-11-18 00:36:44,631 [INFO] ThirdParty:981 - CMSIS Pack Vendor :STMicroelectronics X-CUBE-AZRTOS-H7 2.1.0
2022-11-18 00:36:44,631 [INFO] ThirdParty:981 - CMSIS Pack Vendor :STMicroelectronics USB_HOST 2.0.0
2022-11-18 00:36:44,632 [INFO] ThirdParty:981 - CMSIS Pack Vendor :STMicroelectronics X-CUBE-AZRTOS-F4 1.1.0
2022-11-18 00:36:44,632 [INFO] ThirdParty:981 - CMSIS Pack Vendor :STMicroelectronics LIBJPEG 8.0.0
2022-11-18 00:36:44,632 [INFO] ThirdParty:981 - CMSIS Pack Vendor :STMicroelectronics USB_DEVICE 3.0.0
2022-11-18 00:36:44,632 [INFO] ThirdParty:981 - CMSIS Pack Vendor :STMicroelectronics X-CUBE-BLEMGR 1.0.0
2022-11-18 00:36:44,632 [INFO] ThirdParty:981 - CMSIS Pack Vendor :STMicroelectronics X-CUBE-BLEMGR 1.2.0
2022-11-18 00:36:44,632 [INFO] ThirdParty:981 - CMSIS Pack Vendor :STMicroelectronics X-CUBE-AZRTOS-F7 1.1.0
2022-11-18 00:36:44,632 [INFO] ThirdParty:981 - CMSIS Pack Vendor :STMicroelectronics USB_DEVICE 2.0.0
2022-11-18 00:36:44,632 [INFO] ThirdParty:981 - CMSIS Pack Vendor :STMicroelectronics X-CUBE-AI 7.3.0
2022-11-18 00:36:44,632 [INFO] ThirdParty:981 - CMSIS Pack Vendor :STMicroelectronics X-CUBE-BLE1 6.2.3
2022-11-18 00:36:44,632 [INFO] ThirdParty:981 - CMSIS Pack Vendor :STMicroelectronics X-CUBE-ALGOBUILD 1.3.0
2022-11-18 00:36:44,632 [INFO] ThirdParty:981 - CMSIS Pack Vendor :STMicroelectronics FreeRTOS 0.0.1
2022-11-18 00:36:44,632 [INFO] ThirdParty:981 - CMSIS Pack Vendor :STMicroelectronics X-CUBE-AZRTOS-G0 1.1.0
2022-11-18 00:36:44,632 [INFO] ThirdParty:981 - CMSIS Pack Vendor :STMicroelectronics X-CUBE-SUBG2 5.0.0
2022-11-18 00:36:44,632 [INFO] ThirdParty:981 - CMSIS Pack Vendor :SEGGER I-CUBE-embOS 1.2.0
2022-11-18 00:36:44,632 [INFO] ThirdParty:981 - CMSIS Pack Vendor :STMicroelectronics STM32_WPAN 1.0.0
2022-11-18 00:36:44,632 [INFO] ThirdParty:981 - CMSIS Pack Vendor :STMicroelectronics lwIP 2.0.3
2022-11-18 00:36:44,632 [INFO] ThirdParty:981 - CMSIS Pack Vendor :STMicroelectronics X-CUBE-NFC4 2.0.5
2022-11-18 00:36:44,632 [INFO] ThirdParty:981 - CMSIS Pack Vendor :STMicroelectronics X-CUBE-NFC4 2.0.4
2022-11-18 00:36:44,632 [INFO] ThirdParty:981 - CMSIS Pack Vendor :STMicroelectronics USB_HOST 1.0.0
2022-11-18 00:36:44,632 [INFO] ThirdParty:981 - CMSIS Pack Vendor :STMicroelectronics PDM2PCM 3.1.0
2022-11-18 00:36:44,632 [INFO] ThirdParty:981 - CMSIS Pack Vendor :STMicroelectronics FP-ATR-ASTRA1 1.1.1
2022-11-18 00:36:44,632 [INFO] ThirdParty:981 - CMSIS Pack Vendor :STMicroelectronics PDM2PCM 3.3.0
2022-11-18 00:36:44,632 [INFO] ThirdParty:981 - CMSIS Pack Vendor :STMicroelectronics X-CUBE-TOF1 3.1.0
2022-11-18 00:36:44,632 [INFO] ThirdParty:981 - CMSIS Pack Vendor :STMicroelectronics X-CUBE-AZRTOS-G4 1.0.0
2022-11-18 00:36:44,632 [INFO] ThirdParty:981 - CMSIS Pack Vendor :STMicroelectronics FP-ATR-SIGFOX1 3.2.0
2022-11-18 00:36:44,632 [INFO] ThirdParty:981 - CMSIS Pack Vendor :STMicroelectronics X-CUBE-AZRTOS-L4 1.0.0
2022-11-18 00:36:44,632 [INFO] ThirdParty:981 - CMSIS Pack Vendor :wolfSSL I-CUBE-wolfSSL 5.5.0
2022-11-18 00:36:44,632 [INFO] ThirdParty:981 - CMSIS Pack Vendor :STMicroelectronics HAL Drivers 0.0.0
2022-11-18 00:36:44,632 [INFO] ThirdParty:981 - CMSIS Pack Vendor :STMicroelectronics MBEDTLS 2.16.2
2022-11-18 00:36:44,632 [INFO] ThirdParty:981 - CMSIS Pack Vendor :emotas I-CUBE-CANOPEN 1.1.2
2022-11-18 00:36:44,632 [INFO] ThirdParty:981 - CMSIS Pack Vendor :STMicroelectronics X-CUBE-TOUCHGFX 4.20.0
2022-11-18 00:36:44,632 [INFO] ThirdParty:981 - CMSIS Pack Vendor :STMicroelectronics MBEDTLS 2.14.1
2022-11-18 00:36:44,632 [INFO] ThirdParty:981 - CMSIS Pack Vendor :STMicroelectronics X-CUBE-NFC7 1.0.0
2022-11-18 00:36:44,632 [INFO] ThirdParty:981 - CMSIS Pack Vendor :STMicroelectronics X-CUBE-AZRTOS-WL 1.0.0
2022-11-18 00:36:44,632 [INFO] ThirdParty:981 - CMSIS Pack Vendor :STMicroelectronics X-CUBE-MEMS1 9.3.0
2022-11-18 00:36:44,632 [INFO] ThirdParty:981 - CMSIS Pack Vendor :portGmbH I-Cube-SoM-uGOAL 1.1.0
2022-11-18 00:36:44,632 [INFO] ThirdParty:981 - CMSIS Pack Vendor :STMicroelectronics X-CUBE-ALS 1.0.1
2022-11-18 00:36:44,632 [INFO] ThirdParty:981 - CMSIS Pack Vendor :STMicroelectronics X-CUBE-AI 7.2.0
2022-11-18 00:36:44,632 [INFO] ThirdParty:981 - CMSIS Pack Vendor :STMicroelectronics ThreadX 1.0.0
2022-11-18 00:36:44,632 [INFO] ThirdParty:981 - CMSIS Pack Vendor :STMicroelectronics X-CUBE-AZRTOS-L5 1.0.0
2022-11-18 00:36:44,632 [INFO] ThirdParty:981 - CMSIS Pack Vendor :STMicroelectronics USB_DEVICE 1.0.0
2022-11-18 00:36:44,632 [INFO] ThirdParty:981 - CMSIS Pack Vendor :STMicroelectronics X-CUBE-EEPRMA1 3.1.1
2022-11-18 00:36:44,632 [INFO] ThirdParty:981 - CMSIS Pack Vendor :STMicroelectronics ThreadX 0.0.2
2022-11-18 00:36:44,632 [INFO] ThirdParty:981 - CMSIS Pack Vendor :STMicroelectronics lwIP 2.1.2
2022-11-18 00:36:44,632 [INFO] ThirdParty:981 - CMSIS Pack Vendor :STMicroelectronics X-CUBE-SFXS2LP1 4.0.0
2022-11-18 00:36:44,632 [INFO] ThirdParty:981 - CMSIS Pack Vendor :STMicroelectronics X-CUBE-BLE2 3.3.0
2022-11-18 00:36:44,632 [INFO] ThirdParty:981 - CMSIS Pack Vendor :STMicroelectronics X-CUBE-DISPLAY 2.2.0
2022-11-18 00:36:44,632 [INFO] ThirdParty:981 - CMSIS Pack Vendor :STMicroelectronics X-CUBE-TOF1 3.2.0
2022-11-18 00:36:44,632 [INFO] ThirdParty:981 - CMSIS Pack Vendor :STMicroelectronics PDM2PCM 3.2.0
2022-11-18 00:36:44,632 [INFO] ThirdParty:981 - CMSIS Pack Vendor :STMicroelectronics X-CUBE-ISPU 1.0.0
2022-11-18 00:36:44,632 [INFO] ThirdParty:797 - exiting critical section [change project]
2022-11-18 00:36:44,701 [INFO] PinOutPanel:1468 - setPackage(No Configuration,No Configuration)
2022-11-18 00:36:44,702 [INFO] PinOutPanel:1468 - setPackage(STM32F103C6Ux,UFQFPN48)
2022-11-18 00:36:44,876 [INFO] UtilMem:74 - Before build in PCC Used Memory: 248909768 Bytes (862978048)
2022-11-18 00:36:44,994 [INFO] UtilMem:74 - After build in PCC Used Memory: 290326472 Bytes (862978048)
2022-11-18 00:36:45,003 [INFO] IPUIPlugin:79 - create IPUIPlugin
2022-11-18 00:36:45,003 [INFO] IPUIPlugin:79 - create IPUIPlugin
2022-11-18 00:36:45,003 [INFO] IPUIPlugin:79 - create IPUIPlugin
2022-11-18 00:36:45,003 [INFO] IPUIPlugin:79 - create IPUIPlugin
2022-11-18 00:36:45,003 [INFO] IPUIPlugin:79 - create IPUIPlugin
2022-11-18 00:36:45,004 [INFO] IPUIPlugin:79 - create IPUIPlugin
2022-11-18 00:36:45,004 [INFO] IPUIPlugin:79 - create IPUIPlugin
2022-11-18 00:36:45,004 [INFO] IPUIPlugin:79 - create IPUIPlugin
2022-11-18 00:36:45,004 [INFO] IPUIPlugin:79 - create IPUIPlugin
2022-11-18 00:36:45,004 [INFO] IPUIPlugin:79 - create IPUIPlugin
2022-11-18 00:36:45,005 [INFO] IPUIPlugin:79 - create IPUIPlugin
2022-11-18 00:36:45,005 [INFO] IPUIPlugin:79 - create IPUIPlugin
2022-11-18 00:36:45,005 [INFO] IPUIPlugin:79 - create IPUIPlugin
2022-11-18 00:36:45,005 [INFO] IPUIPlugin:79 - create IPUIPlugin
2022-11-18 00:36:45,005 [INFO] IPUIPlugin:79 - create IPUIPlugin
2022-11-18 00:36:45,005 [INFO] IPUIPlugin:79 - create IPUIPlugin
2022-11-18 00:36:45,005 [INFO] IPUIPlugin:79 - create IPUIPlugin
2022-11-18 00:36:45,006 [INFO] IPUIPlugin:79 - create IPUIPlugin
2022-11-18 00:36:45,006 [INFO] IPUIPlugin:79 - create IPUIPlugin
2022-11-18 00:36:45,006 [INFO] IPUIPlugin:79 - create IPUIPlugin
2022-11-18 00:36:45,006 [INFO] IPUIPlugin:79 - create IPUIPlugin
2022-11-18 00:36:45,007 [INFO] IPUIPlugin:79 - create IPUIPlugin
2022-11-18 00:36:45,007 [INFO] IPUIPlugin:79 - create IPUIPlugin
2022-11-18 00:36:45,072 [INFO] OpenFileManager:327 - Restore cursor
2022-11-18 00:36:45,074 [INFO] ApiDb:576 - Connected to CubeFinder SQLite database (C:\Users\ADMIN\.stmcufinder\plugins\mcufinder\mcu\cube-finder-db.db)
2022-11-18 00:45:55,166 [INFO] UtilMem:74 - End SaveConfig() Used Memory: 403583424 Bytes (862978048)
2022-11-18 00:45:56,132 [INFO] UtilMem:74 - End SaveConfig() Used Memory: 243042728 Bytes (862978048)
2022-11-18 00:45:57,448 [INFO] UtilMem:74 - End SaveConfig() Used Memory: 315955520 Bytes (862978048)
2022-11-18 00:45:57,537 [INFO] BlockDiagram:2753 - set Specific Code input for plugin: NVIC
2022-11-18 00:45:57,537 [INFO] BlockDiagram:2753 - set Specific Code input for plugin: SYS
2022-11-18 00:45:57,537 [INFO] BlockDiagram:2753 - set Specific Code input for plugin: GPIO
2022-11-18 00:45:57,537 [INFO] BlockDiagram:2753 - set Specific Code input for plugin: RCC
2022-11-18 00:45:57,537 [INFO] BlockDiagram:2753 - set Specific Code input for plugin: TIM1_8F1
2022-11-18 00:45:57,537 [INFO] CodeGenerator:690 - code generatio: config db path: D:\ST\STM32CubeIDE_1.10.1\STM32CubeIDE\plugins\com.st.stm32cube.common.mx_6.6.1.202207061420\\db\
2022-11-18 00:45:57,617 [INFO] CodeEngine:245 - oldGeneratedFile, C:\Users\ADMIN\Documents\MCU\Lab4\Simple_Scheduler\MXTmpFiles\license.tmp_save
2022-11-18 00:45:57,656 [INFO] CodeEngine:269 - Generated code: C:\Users\ADMIN\Documents\MCU\Lab4\Simple_Scheduler\MXTmpFiles\license.tmp
2022-11-18 00:45:57,676 [INFO] CodeEngine:245 - oldGeneratedFile, C:\Users\ADMIN\Documents\MCU\Lab4\Simple_Scheduler\Core\Src\gpio.c_save
2022-11-18 00:45:57,730 [INFO] CodeEngine:269 - Generated code: C:\Users\ADMIN\Documents\MCU\Lab4\Simple_Scheduler\Core\Src\gpio.c
2022-11-18 00:45:57,736 [INFO] CodeEngine:245 - oldGeneratedFile, C:\Users\ADMIN\Documents\MCU\Lab4\Simple_Scheduler\Core\Inc\gpio.h_save
2022-11-18 00:45:57,772 [INFO] CodeEngine:269 - Generated code: C:\Users\ADMIN\Documents\MCU\Lab4\Simple_Scheduler\Core\Inc\gpio.h
2022-11-18 00:45:57,825 [INFO] CodeEngine:245 - oldGeneratedFile, C:\Users\ADMIN\Documents\MCU\Lab4\Simple_Scheduler\Core\Src\tim.c_save
2022-11-18 00:45:57,896 [INFO] CodeEngine:269 - Generated code: C:\Users\ADMIN\Documents\MCU\Lab4\Simple_Scheduler\Core\Src\tim.c
2022-11-18 00:45:57,900 [INFO] CodeEngine:245 - oldGeneratedFile, C:\Users\ADMIN\Documents\MCU\Lab4\Simple_Scheduler\Core\Inc\tim.h_save
2022-11-18 00:45:57,945 [INFO] CodeEngine:269 - Generated code: C:\Users\ADMIN\Documents\MCU\Lab4\Simple_Scheduler\Core\Inc\tim.h
2022-11-18 00:45:57,955 [INFO] CodeEngine:245 - oldGeneratedFile, C:\Users\ADMIN\Documents\MCU\Lab4\Simple_Scheduler\Core\Src\stm32f1xx_it.c_save
2022-11-18 00:45:57,993 [INFO] CodeEngine:269 - Generated code: C:\Users\ADMIN\Documents\MCU\Lab4\Simple_Scheduler\Core\Src\stm32f1xx_it.c
2022-11-18 00:45:57,999 [INFO] CodeEngine:245 - oldGeneratedFile, C:\Users\ADMIN\Documents\MCU\Lab4\Simple_Scheduler\Core\Inc\stm32f1xx_it.h_save
2022-11-18 00:45:58,032 [INFO] CodeEngine:269 - Generated code: C:\Users\ADMIN\Documents\MCU\Lab4\Simple_Scheduler\Core\Inc\stm32f1xx_it.h
2022-11-18 00:45:58,042 [INFO] CodeEngine:245 - oldGeneratedFile, C:\Users\ADMIN\Documents\MCU\Lab4\Simple_Scheduler\Core\Src\stm32f1xx_hal_msp.c_save
2022-11-18 00:45:58,090 [INFO] CodeEngine:269 - Generated code: C:\Users\ADMIN\Documents\MCU\Lab4\Simple_Scheduler\Core\Src\stm32f1xx_hal_msp.c
2022-11-18 00:45:58,092 [INFO] CodeEngine:245 - oldGeneratedFile, C:\Users\ADMIN\Documents\MCU\Lab4\Simple_Scheduler\MXTmpFiles\system.tmp_save
2022-11-18 00:45:58,127 [INFO] CodeEngine:269 - Generated code: C:\Users\ADMIN\Documents\MCU\Lab4\Simple_Scheduler\MXTmpFiles\system.tmp
2022-11-18 00:45:58,135 [INFO] CodeEngine:245 - oldGeneratedFile, C:\Users\ADMIN\Documents\MCU\Lab4\Simple_Scheduler\Core\Inc\stm32f1xx_hal_conf.h_save
2022-11-18 00:45:58,183 [INFO] CodeEngine:269 - Generated code: C:\Users\ADMIN\Documents\MCU\Lab4\Simple_Scheduler\Core\Inc\stm32f1xx_hal_conf.h
2022-11-18 00:45:58,197 [INFO] CodeEngine:245 - oldGeneratedFile, C:\Users\ADMIN\Documents\MCU\Lab4\Simple_Scheduler\Core\Inc\main.h_save
2022-11-18 00:45:58,245 [INFO] CodeEngine:269 - Generated code: C:\Users\ADMIN\Documents\MCU\Lab4\Simple_Scheduler\Core\Inc\main.h
2022-11-18 00:45:58,252 [INFO] CodeEngine:245 - oldGeneratedFile, C:\Users\ADMIN\Documents\MCU\Lab4\Simple_Scheduler\Core\Src\main.c_save
2022-11-18 00:45:58,305 [INFO] CodeEngine:269 - Generated code: C:\Users\ADMIN\Documents\MCU\Lab4\Simple_Scheduler\Core\Src\main.c
2022-11-18 00:45:58,678 [INFO] ProjectBuilder:2919 - Time for Copy HAL[1] : 73mS.
2022-11-18 00:45:58,679 [INFO] ProjectBuilder:4117 - Project Generator version: 3.17.1
2022-11-18 00:45:58,783 [INFO] ConfigFileManager:1394 - The Die is : DIE412
2022-11-18 00:45:58,785 [INFO] ApiDbMcu:505 - Load IP Config File for FATFS
2022-11-18 00:45:58,800 [INFO] ApiDbMcu:505 - Load IP Config File for FREERTOS
2022-11-18 00:45:58,810 [INFO] ApiDbMcu:505 - Load IP Config File for USB_DEVICE
2022-11-18 00:45:59,461 [INFO] ProjectBuilder:4285 - Time for Generating toolchain IDE Files: 782mS.
2022-11-18 00:45:59,461 [INFO] ProjectBuilder:2790 - Time for Copy CMSIS : 0mS.
2022-11-18 00:45:59,462 [INFO] ProjectBuilder:2790 - Time for Copy CMSIS : 0mS.
2022-11-18 01:14:19,239 [ERROR] LogOutputStream:74 - [STDERR_REDIRECT] 
2022-11-18 01:53:14,391 [INFO] Activator:177 - 


2022-11-18 01:53:14,392 [INFO] Activator:178 - !SESSION log4j initialized
2022-11-18 01:53:38,215 [ERROR] LogOutputStream:74 - [STDERR_REDIRECT] SLF4J: Failed to load class "org.slf4j.impl.StaticLoggerBinder".
2022-11-18 01:53:38,216 [ERROR] LogOutputStream:74 - [STDERR_REDIRECT] SLF4J: Defaulting to no-operation (NOP) logger implementation
2022-11-18 01:53:38,216 [ERROR] LogOutputStream:74 - [STDERR_REDIRECT] SLF4J: See http://www.slf4j.org/codes.html#StaticLoggerBinder for further details.
2022-11-18 11:10:55,697 [INFO] Activator:177 - 


2022-11-18 11:10:55,698 [INFO] Activator:178 - !SESSION log4j initialized
2022-11-18 11:11:20,174 [ERROR] LogOutputStream:74 - [STDERR_REDIRECT] SLF4J: Failed to load class "org.slf4j.impl.StaticLoggerBinder".
2022-11-18 11:11:20,175 [ERROR] LogOutputStream:74 - [STDERR_REDIRECT] SLF4J: Defaulting to no-operation (NOP) logger implementation
2022-11-18 11:11:20,175 [ERROR] LogOutputStream:74 - [STDERR_REDIRECT] SLF4J: See http://www.slf4j.org/codes.html#StaticLoggerBinder for further details.
2022-11-20 16:58:58,269 [INFO] Activator:177 - 


2022-11-20 16:58:58,270 [INFO] Activator:178 - !SESSION log4j initialized
2022-11-20 16:59:23,456 [ERROR] LogOutputStream:74 - [STDERR_REDIRECT] SLF4J: Failed to load class "org.slf4j.impl.StaticLoggerBinder".
2022-11-20 16:59:23,457 [ERROR] LogOutputStream:74 - [STDERR_REDIRECT] SLF4J: Defaulting to no-operation (NOP) logger implementation
2022-11-20 16:59:23,458 [ERROR] LogOutputStream:74 - [STDERR_REDIRECT] SLF4J: See http://www.slf4j.org/codes.html#StaticLoggerBinder for further details.
2022-11-21 17:13:45,166 [INFO] Activator:177 - 


2022-11-21 17:13:45,167 [INFO] Activator:178 - !SESSION log4j initialized
2022-11-21 17:14:09,929 [ERROR] LogOutputStream:74 - [STDERR_REDIRECT] SLF4J: Failed to load class "org.slf4j.impl.StaticLoggerBinder".
2022-11-21 17:14:09,929 [ERROR] LogOutputStream:74 - [STDERR_REDIRECT] SLF4J: Defaulting to no-operation (NOP) logger implementation
2022-11-21 17:14:09,930 [ERROR] LogOutputStream:74 - [STDERR_REDIRECT] SLF4J: See http://www.slf4j.org/codes.html#StaticLoggerBinder for further details.
2022-11-22 14:57:02,328 [INFO] Activator:177 - 


2022-11-22 14:57:02,329 [INFO] Activator:178 - !SESSION log4j initialized
2022-11-22 14:57:27,446 [ERROR] LogOutputStream:74 - [STDERR_REDIRECT] SLF4J: Failed to load class "org.slf4j.impl.StaticLoggerBinder".
2022-11-22 14:57:27,449 [ERROR] LogOutputStream:74 - [STDERR_REDIRECT] SLF4J: Defaulting to no-operation (NOP) logger implementation
2022-11-22 14:57:27,450 [ERROR] LogOutputStream:74 - [STDERR_REDIRECT] SLF4J: See http://www.slf4j.org/codes.html#StaticLoggerBinder for further details.
2022-11-24 13:38:14,629 [INFO] Activator:177 - 


2022-11-24 13:38:14,630 [INFO] Activator:178 - !SESSION log4j initialized
2022-11-24 13:38:40,788 [ERROR] LogOutputStream:74 - [STDERR_REDIRECT] SLF4J: Failed to load class "org.slf4j.impl.StaticLoggerBinder".
2022-11-24 13:38:40,788 [ERROR] LogOutputStream:74 - [STDERR_REDIRECT] SLF4J: Defaulting to no-operation (NOP) logger implementation
2022-11-24 13:38:40,789 [ERROR] LogOutputStream:74 - [STDERR_REDIRECT] SLF4J: See http://www.slf4j.org/codes.html#StaticLoggerBinder for further details.
2022-11-24 17:16:48,896 [INFO] Activator:177 - 


2022-11-24 17:16:48,897 [INFO] Activator:178 - !SESSION log4j initialized
2022-11-24 17:17:14,489 [ERROR] LogOutputStream:74 - [STDERR_REDIRECT] SLF4J: Failed to load class "org.slf4j.impl.StaticLoggerBinder".
2022-11-24 17:17:14,490 [ERROR] LogOutputStream:74 - [STDERR_REDIRECT] SLF4J: Defaulting to no-operation (NOP) logger implementation
2022-11-24 17:17:14,491 [ERROR] LogOutputStream:74 - [STDERR_REDIRECT] SLF4J: See http://www.slf4j.org/codes.html#StaticLoggerBinder for further details.
2022-11-27 14:57:18,114 [INFO] Activator:177 - 


2022-11-27 14:57:18,115 [INFO] Activator:178 - !SESSION log4j initialized
2022-11-27 14:57:43,488 [ERROR] LogOutputStream:74 - [STDERR_REDIRECT] SLF4J: Failed to load class "org.slf4j.impl.StaticLoggerBinder".
2022-11-27 14:57:43,489 [ERROR] LogOutputStream:74 - [STDERR_REDIRECT] SLF4J: Defaulting to no-operation (NOP) logger implementation
2022-11-27 14:57:43,490 [ERROR] LogOutputStream:74 - [STDERR_REDIRECT] SLF4J: See http://www.slf4j.org/codes.html#StaticLoggerBinder for further details.
